The system is: Windows - 10.0.19045 - AMD64
Compiling the C compiler identification source file "CMakeCCompilerId.c" succeeded.
Compiler: C:/msys64/usr/bin/cc.exe 
Build flags: 
Id flags:  

The output was:
0


Compilation of the C compiler identification source "CMakeCCompilerId.c" produced "a.exe"

The C compiler identification is GNU, found in "E:/ENGINE/my_lib/CMakeFiles/3.23.4/CompilerIdC/a.exe"

Compiling the CXX compiler identification source file "CMakeCXXCompilerId.cpp" succeeded.
Compiler: C:/msys64/usr/bin/c++.exe 
Build flags: 
Id flags:  

The output was:
0


Compilation of the CXX compiler identification source "CMakeCXXCompilerId.cpp" produced "a.exe"

The CXX compiler identification is GNU, found in "E:/ENGINE/my_lib/CMakeFiles/3.23.4/CompilerIdCXX/a.exe"

Detecting C compiler ABI info compiled with the following output:
Change Dir: E:/ENGINE/my_lib/CMakeFiles/CMakeTmp

Run Build Command(s):C:/msys64/usr/bin/make.exe -f Makefile cmTC_f69fe/fast && /usr/bin/make  -f CMakeFiles/cmTC_f69fe.dir/build.make CMakeFiles/cmTC_f69fe.dir/build
make[1]: Entering directory '/e/ENGINE/my_lib/CMakeFiles/CMakeTmp'
Building C object CMakeFiles/cmTC_f69fe.dir/CMakeCCompilerABI.c.obj
C:/msys64/usr/bin/cc.exe   -v -o CMakeFiles/cmTC_f69fe.dir/CMakeCCompilerABI.c.obj -c "C:/Program Files/CMake/share/cmake-3.23/Modules/CMakeCCompilerABI.c"
Using built-in specs.
COLLECT_GCC=C:/msys64/usr/bin/cc
Target: x86_64-pc-msys
Configured with: /c/S/B/src/gcc-13.3.0/configure --build=x86_64-pc-msys --prefix=/usr --libexecdir=/usr/lib --enable-bootstrap --enable-static --enable-shared --enable-shared-libgcc --enable-version-specific-runtime-libs --with-arch=nocona --with-tune=generic --disable-multilib --enable-__cxa_atexit --with-dwarf2 --enable-languages=c,c++,lto --enable-graphite --enable-threads=posix --enable-libatomic --enable-libgomp --disable-libitm --enable-libquadmath --enable-libquadmath-support --disable-libssp --disable-win32-registry --disable-symvers --with-gnu-ld --with-gnu-as --disable-isl-version-check --enable-checking=release --without-libiconv-prefix --without-libintl-prefix --with-system-zlib --enable-linker-build-id --enable-libstdcxx-filesystem-ts
Thread model: posix
Supported LTO compression algorithms: zlib
gcc version 13.3.0 (GCC) 
COLLECT_GCC_OPTIONS='-v' '-o' 'CMakeFiles/cmTC_f69fe.dir/CMakeCCompilerABI.c.obj' '-c' '-mtune=generic' '-march=nocona' '-dumpdir' 'CMakeFiles/cmTC_f69fe.dir/'
 /usr/lib/gcc/x86_64-pc-msys/13.3.0/cc1.exe -quiet -v -idirafter /usr/lib/gcc/x86_64-pc-msys/13.3.0/../../../../include/w32api -idirafter /usr/lib/gcc/x86_64-pc-msys/13.3.0/../../../../x86_64-pc-msys/lib/../../include/w32api C:/Program Files/CMake/share/cmake-3.23/Modules/CMakeCCompilerABI.c -quiet -dumpdir CMakeFiles/cmTC_f69fe.dir/ -dumpbase CMakeCCompilerABI.c.c -dumpbase-ext .c -mtune=generic -march=nocona -version -o /c/Users/paulr/AppData/Local/Temp/ccAhw3Sx.s
GNU C17 (GCC) version 13.3.0 (x86_64-pc-msys)
	compiled by GNU C version 13.3.0, GMP version 6.3.0, MPFR version 4.2.1, MPC version 1.3.1, isl version isl-0.27-GMP

GGC heuristics: --param ggc-min-expand=100 --param ggc-min-heapsize=131072
ignoring nonexistent directory "/usr/local/include"
ignoring nonexistent directory "/usr/lib/gcc/x86_64-pc-msys/13.3.0/../../../../x86_64-pc-msys/include"
ignoring duplicate directory "/usr/lib/gcc/x86_64-pc-msys/13.3.0/../../../../x86_64-pc-msys/lib/../../include/w32api"
#include "..." search starts here:
#include <...> search starts here:
 /usr/lib/gcc/x86_64-pc-msys/13.3.0/include
 /usr/lib/gcc/x86_64-pc-msys/13.3.0/include-fixed
 /usr/include
 /usr/lib/gcc/x86_64-pc-msys/13.3.0/../../../../include/w32api
End of search list.
Compiler executable checksum: 7e16f06f69d198505a4aebbcee60032e
COLLECT_GCC_OPTIONS='-v' '-o' 'CMakeFiles/cmTC_f69fe.dir/CMakeCCompilerABI.c.obj' '-c' '-mtune=generic' '-march=nocona' '-dumpdir' 'CMakeFiles/cmTC_f69fe.dir/'
 /usr/lib/gcc/x86_64-pc-msys/13.3.0/../../../../x86_64-pc-msys/bin/as.exe -v -o CMakeFiles/cmTC_f69fe.dir/CMakeCCompilerABI.c.obj /c/Users/paulr/AppData/Local/Temp/ccAhw3Sx.s
GNU assembler version 2.43.1 (x86_64-pc-msys) using BFD version (GNU Binutils) 2.43.1
COMPILER_PATH=/usr/lib/gcc/x86_64-pc-msys/13.3.0/:/usr/lib/gcc/x86_64-pc-msys/13.3.0/:/usr/lib/gcc/x86_64-pc-msys/:/usr/lib/gcc/x86_64-pc-msys/13.3.0/:/usr/lib/gcc/x86_64-pc-msys/:/usr/lib/gcc/x86_64-pc-msys/13.3.0/../../../../x86_64-pc-msys/bin/
LIBRARY_PATH=/usr/lib/gcc/x86_64-pc-msys/13.3.0/:/usr/lib/gcc/x86_64-pc-msys/13.3.0/../../../../x86_64-pc-msys/lib/:/usr/lib/gcc/x86_64-pc-msys/13.3.0/../../../:/usr/lib/
COLLECT_GCC_OPTIONS='-v' '-o' 'CMakeFiles/cmTC_f69fe.dir/CMakeCCompilerABI.c.obj' '-c' '-mtune=generic' '-march=nocona' '-dumpdir' 'CMakeFiles/cmTC_f69fe.dir/CMakeCCompilerABI.c.'
Linking C executable cmTC_f69fe.exe
"C:/Program Files/CMake/bin/cmake.exe" -E rm -f CMakeFiles/cmTC_f69fe.dir/objects.a
C:/msys64/usr/bin/ar.exe qc CMakeFiles/cmTC_f69fe.dir/objects.a @CMakeFiles/cmTC_f69fe.dir/objects1.rsp
C:/msys64/usr/bin/cc.exe  -v -Wl,--whole-archive CMakeFiles/cmTC_f69fe.dir/objects.a -Wl,--no-whole-archive -o cmTC_f69fe.exe -Wl,--out-implib,libcmTC_f69fe.dll.a -Wl,--major-image-version,0,--minor-image-version,0 
Using built-in specs.
COLLECT_GCC=C:/msys64/usr/bin/cc
COLLECT_LTO_WRAPPER=/usr/lib/gcc/x86_64-pc-msys/13.3.0/lto-wrapper.exe
Target: x86_64-pc-msys
Configured with: /c/S/B/src/gcc-13.3.0/configure --build=x86_64-pc-msys --prefix=/usr --libexecdir=/usr/lib --enable-bootstrap --enable-static --enable-shared --enable-shared-libgcc --enable-version-specific-runtime-libs --with-arch=nocona --with-tune=generic --disable-multilib --enable-__cxa_atexit --with-dwarf2 --enable-languages=c,c++,lto --enable-graphite --enable-threads=posix --enable-libatomic --enable-libgomp --disable-libitm --enable-libquadmath --enable-libquadmath-support --disable-libssp --disable-win32-registry --disable-symvers --with-gnu-ld --with-gnu-as --disable-isl-version-check --enable-checking=release --without-libiconv-prefix --without-libintl-prefix --with-system-zlib --enable-linker-build-id --enable-libstdcxx-filesystem-ts
Thread model: posix
Supported LTO compression algorithms: zlib
gcc version 13.3.0 (GCC) 
COMPILER_PATH=/usr/lib/gcc/x86_64-pc-msys/13.3.0/:/usr/lib/gcc/x86_64-pc-msys/13.3.0/:/usr/lib/gcc/x86_64-pc-msys/:/usr/lib/gcc/x86_64-pc-msys/13.3.0/:/usr/lib/gcc/x86_64-pc-msys/:/usr/lib/gcc/x86_64-pc-msys/13.3.0/../../../../x86_64-pc-msys/bin/
LIBRARY_PATH=/usr/lib/gcc/x86_64-pc-msys/13.3.0/:/usr/lib/gcc/x86_64-pc-msys/13.3.0/../../../../x86_64-pc-msys/lib/:/usr/lib/gcc/x86_64-pc-msys/13.3.0/../../../:/usr/lib/
COLLECT_GCC_OPTIONS='-v' '-o' 'cmTC_f69fe.exe' '-mtune=generic' '-march=nocona' '-dumpdir' 'cmTC_f69fe.'
 /usr/lib/gcc/x86_64-pc-msys/13.3.0/collect2.exe -plugin /usr/lib/gcc/x86_64-pc-msys/13.3.0/msys-lto_plugin.dll -plugin-opt=/usr/lib/gcc/x86_64-pc-msys/13.3.0/lto-wrapper.exe -plugin-opt=-fresolution=/c/Users/paulr/AppData/Local/Temp/ccRuf34U.res -plugin-opt=-pass-through=-lgcc_s -plugin-opt=-pass-through=-lgcc -plugin-opt=-pass-through=-lmsys-2.0 -plugin-opt=-pass-through=-ladvapi32 -plugin-opt=-pass-through=-lshell32 -plugin-opt=-pass-through=-luser32 -plugin-opt=-pass-through=-lkernel32 -plugin-opt=-pass-through=-lgcc_s -plugin-opt=-pass-through=-lgcc --build-id -m i386pep --wrap _Znwm --wrap _Znam --wrap _ZdlPv --wrap _ZdaPv --wrap _ZnwmRKSt9nothrow_t --wrap _ZnamRKSt9nothrow_t --wrap _ZdlPvRKSt9nothrow_t --wrap _ZdaPvRKSt9nothrow_t -Bdynamic --dll-search-prefix=msys- --tsaware -o cmTC_f69fe.exe /usr/lib/gcc/x86_64-pc-msys/13.3.0/../../../crt0.o /usr/lib/gcc/x86_64-pc-msys/13.3.0/crtbegin.o -L/usr/lib/gcc/x86_64-pc-msys/13.3.0 -L/usr/lib/gcc/x86_64-pc-msys/13.3.0/../../../../x86_64-pc-msys/lib -L/usr/lib/gcc/x86_64-pc-msys/13.3.0/../../.. --whole-archive CMakeFiles/cmTC_f69fe.dir/objects.a --no-whole-archive --out-implib libcmTC_f69fe.dll.a --major-image-version 0 --minor-image-version 0 -lgcc_s -lgcc -lmsys-2.0 -ladvapi32 -lshell32 -luser32 -lkernel32 -lgcc_s -lgcc /usr/lib/gcc/x86_64-pc-msys/13.3.0/../../../default-manifest.o /usr/lib/gcc/x86_64-pc-msys/13.3.0/crtend.o
COLLECT_GCC_OPTIONS='-v' '-o' 'cmTC_f69fe.exe' '-mtune=generic' '-march=nocona' '-dumpdir' 'cmTC_f69fe.'
make[1]: Leaving directory '/e/ENGINE/my_lib/CMakeFiles/CMakeTmp'



Parsed C implicit include dir info from above output: rv=done
  found start of include info
  found start of implicit include info
    add: [/usr/lib/gcc/x86_64-pc-msys/13.3.0/include]
    add: [/usr/lib/gcc/x86_64-pc-msys/13.3.0/include-fixed]
    add: [/usr/include]
    add: [/usr/lib/gcc/x86_64-pc-msys/13.3.0/../../../../include/w32api]
  end of search list found
  collapse include dir [/usr/lib/gcc/x86_64-pc-msys/13.3.0/include] ==> [/usr/lib/gcc/x86_64-pc-msys/13.3.0/include]
  collapse include dir [/usr/lib/gcc/x86_64-pc-msys/13.3.0/include-fixed] ==> [/usr/lib/gcc/x86_64-pc-msys/13.3.0/include-fixed]
  collapse include dir [/usr/include] ==> [/usr/include]
  collapse include dir [/usr/lib/gcc/x86_64-pc-msys/13.3.0/../../../../include/w32api] ==> [/usr/include/w32api]
  implicit include dirs: [/usr/lib/gcc/x86_64-pc-msys/13.3.0/include;/usr/lib/gcc/x86_64-pc-msys/13.3.0/include-fixed;/usr/include;/usr/include/w32api]


Parsed C implicit link information from above output:
  link line regex: [^( *|.*[/\])(ld\.exe|CMAKE_LINK_STARTFILE-NOTFOUND|([^/\]+-)?ld|collect2)[^/\]*( |$)]
  ignore line: [Change Dir: E:/ENGINE/my_lib/CMakeFiles/CMakeTmp]
  ignore line: []
  ignore line: [Run Build Command(s):C:/msys64/usr/bin/make.exe -f Makefile cmTC_f69fe/fast && /usr/bin/make  -f CMakeFiles/cmTC_f69fe.dir/build.make CMakeFiles/cmTC_f69fe.dir/build]
  ignore line: [make[1]: Entering directory '/e/ENGINE/my_lib/CMakeFiles/CMakeTmp']
  ignore line: [Building C object CMakeFiles/cmTC_f69fe.dir/CMakeCCompilerABI.c.obj]
  ignore line: [C:/msys64/usr/bin/cc.exe   -v -o CMakeFiles/cmTC_f69fe.dir/CMakeCCompilerABI.c.obj -c "C:/Program Files/CMake/share/cmake-3.23/Modules/CMakeCCompilerABI.c"]
  ignore line: [Using built-in specs.]
  ignore line: [COLLECT_GCC=C:/msys64/usr/bin/cc]
  ignore line: [Target: x86_64-pc-msys]
  ignore line: [Configured with: /c/S/B/src/gcc-13.3.0/configure --build=x86_64-pc-msys --prefix=/usr --libexecdir=/usr/lib --enable-bootstrap --enable-static --enable-shared --enable-shared-libgcc --enable-version-specific-runtime-libs --with-arch=nocona --with-tune=generic --disable-multilib --enable-__cxa_atexit --with-dwarf2 --enable-languages=c,c++,lto --enable-graphite --enable-threads=posix --enable-libatomic --enable-libgomp --disable-libitm --enable-libquadmath --enable-libquadmath-support --disable-libssp --disable-win32-registry --disable-symvers --with-gnu-ld --with-gnu-as --disable-isl-version-check --enable-checking=release --without-libiconv-prefix --without-libintl-prefix --with-system-zlib --enable-linker-build-id --enable-libstdcxx-filesystem-ts]
  ignore line: [Thread model: posix]
  ignore line: [Supported LTO compression algorithms: zlib]
  ignore line: [gcc version 13.3.0 (GCC) ]
  ignore line: [COLLECT_GCC_OPTIONS='-v' '-o' 'CMakeFiles/cmTC_f69fe.dir/CMakeCCompilerABI.c.obj' '-c' '-mtune=generic' '-march=nocona' '-dumpdir' 'CMakeFiles/cmTC_f69fe.dir/']
  ignore line: [ /usr/lib/gcc/x86_64-pc-msys/13.3.0/cc1.exe -quiet -v -idirafter /usr/lib/gcc/x86_64-pc-msys/13.3.0/../../../../include/w32api -idirafter /usr/lib/gcc/x86_64-pc-msys/13.3.0/../../../../x86_64-pc-msys/lib/../../include/w32api C:/Program Files/CMake/share/cmake-3.23/Modules/CMakeCCompilerABI.c -quiet -dumpdir CMakeFiles/cmTC_f69fe.dir/ -dumpbase CMakeCCompilerABI.c.c -dumpbase-ext .c -mtune=generic -march=nocona -version -o /c/Users/paulr/AppData/Local/Temp/ccAhw3Sx.s]
  ignore line: [GNU C17 (GCC) version 13.3.0 (x86_64-pc-msys)]
  ignore line: [	compiled by GNU C version 13.3.0  GMP version 6.3.0  MPFR version 4.2.1  MPC version 1.3.1  isl version isl-0.27-GMP]
  ignore line: []
  ignore line: [GGC heuristics: --param ggc-min-expand=100 --param ggc-min-heapsize=131072]
  ignore line: [ignoring nonexistent directory "/usr/local/include"]
  ignore line: [ignoring nonexistent directory "/usr/lib/gcc/x86_64-pc-msys/13.3.0/../../../../x86_64-pc-msys/include"]
  ignore line: [ignoring duplicate directory "/usr/lib/gcc/x86_64-pc-msys/13.3.0/../../../../x86_64-pc-msys/lib/../../include/w32api"]
  ignore line: [#include "..." search starts here:]
  ignore line: [#include <...> search starts here:]
  ignore line: [ /usr/lib/gcc/x86_64-pc-msys/13.3.0/include]
  ignore line: [ /usr/lib/gcc/x86_64-pc-msys/13.3.0/include-fixed]
  ignore line: [ /usr/include]
  ignore line: [ /usr/lib/gcc/x86_64-pc-msys/13.3.0/../../../../include/w32api]
  ignore line: [End of search list.]
  ignore line: [Compiler executable checksum: 7e16f06f69d198505a4aebbcee60032e]
  ignore line: [COLLECT_GCC_OPTIONS='-v' '-o' 'CMakeFiles/cmTC_f69fe.dir/CMakeCCompilerABI.c.obj' '-c' '-mtune=generic' '-march=nocona' '-dumpdir' 'CMakeFiles/cmTC_f69fe.dir/']
  ignore line: [ /usr/lib/gcc/x86_64-pc-msys/13.3.0/../../../../x86_64-pc-msys/bin/as.exe -v -o CMakeFiles/cmTC_f69fe.dir/CMakeCCompilerABI.c.obj /c/Users/paulr/AppData/Local/Temp/ccAhw3Sx.s]
  ignore line: [GNU assembler version 2.43.1 (x86_64-pc-msys) using BFD version (GNU Binutils) 2.43.1]
  ignore line: [COMPILER_PATH=/usr/lib/gcc/x86_64-pc-msys/13.3.0/:/usr/lib/gcc/x86_64-pc-msys/13.3.0/:/usr/lib/gcc/x86_64-pc-msys/:/usr/lib/gcc/x86_64-pc-msys/13.3.0/:/usr/lib/gcc/x86_64-pc-msys/:/usr/lib/gcc/x86_64-pc-msys/13.3.0/../../../../x86_64-pc-msys/bin/]
  ignore line: [LIBRARY_PATH=/usr/lib/gcc/x86_64-pc-msys/13.3.0/:/usr/lib/gcc/x86_64-pc-msys/13.3.0/../../../../x86_64-pc-msys/lib/:/usr/lib/gcc/x86_64-pc-msys/13.3.0/../../../:/usr/lib/]
  ignore line: [COLLECT_GCC_OPTIONS='-v' '-o' 'CMakeFiles/cmTC_f69fe.dir/CMakeCCompilerABI.c.obj' '-c' '-mtune=generic' '-march=nocona' '-dumpdir' 'CMakeFiles/cmTC_f69fe.dir/CMakeCCompilerABI.c.']
  ignore line: [Linking C executable cmTC_f69fe.exe]
  ignore line: ["C:/Program Files/CMake/bin/cmake.exe" -E rm -f CMakeFiles/cmTC_f69fe.dir/objects.a]
  ignore line: [C:/msys64/usr/bin/ar.exe qc CMakeFiles/cmTC_f69fe.dir/objects.a @CMakeFiles/cmTC_f69fe.dir/objects1.rsp]
  ignore line: [C:/msys64/usr/bin/cc.exe  -v -Wl --whole-archive CMakeFiles/cmTC_f69fe.dir/objects.a -Wl --no-whole-archive -o cmTC_f69fe.exe -Wl --out-implib libcmTC_f69fe.dll.a -Wl --major-image-version 0 --minor-image-version 0 ]
  ignore line: [Using built-in specs.]
  ignore line: [COLLECT_GCC=C:/msys64/usr/bin/cc]
  ignore line: [COLLECT_LTO_WRAPPER=/usr/lib/gcc/x86_64-pc-msys/13.3.0/lto-wrapper.exe]
  ignore line: [Target: x86_64-pc-msys]
  ignore line: [Configured with: /c/S/B/src/gcc-13.3.0/configure --build=x86_64-pc-msys --prefix=/usr --libexecdir=/usr/lib --enable-bootstrap --enable-static --enable-shared --enable-shared-libgcc --enable-version-specific-runtime-libs --with-arch=nocona --with-tune=generic --disable-multilib --enable-__cxa_atexit --with-dwarf2 --enable-languages=c,c++,lto --enable-graphite --enable-threads=posix --enable-libatomic --enable-libgomp --disable-libitm --enable-libquadmath --enable-libquadmath-support --disable-libssp --disable-win32-registry --disable-symvers --with-gnu-ld --with-gnu-as --disable-isl-version-check --enable-checking=release --without-libiconv-prefix --without-libintl-prefix --with-system-zlib --enable-linker-build-id --enable-libstdcxx-filesystem-ts]
  ignore line: [Thread model: posix]
  ignore line: [Supported LTO compression algorithms: zlib]
  ignore line: [gcc version 13.3.0 (GCC) ]
  ignore line: [COMPILER_PATH=/usr/lib/gcc/x86_64-pc-msys/13.3.0/:/usr/lib/gcc/x86_64-pc-msys/13.3.0/:/usr/lib/gcc/x86_64-pc-msys/:/usr/lib/gcc/x86_64-pc-msys/13.3.0/:/usr/lib/gcc/x86_64-pc-msys/:/usr/lib/gcc/x86_64-pc-msys/13.3.0/../../../../x86_64-pc-msys/bin/]
  ignore line: [LIBRARY_PATH=/usr/lib/gcc/x86_64-pc-msys/13.3.0/:/usr/lib/gcc/x86_64-pc-msys/13.3.0/../../../../x86_64-pc-msys/lib/:/usr/lib/gcc/x86_64-pc-msys/13.3.0/../../../:/usr/lib/]
  ignore line: [COLLECT_GCC_OPTIONS='-v' '-o' 'cmTC_f69fe.exe' '-mtune=generic' '-march=nocona' '-dumpdir' 'cmTC_f69fe.']
  link line: [ /usr/lib/gcc/x86_64-pc-msys/13.3.0/collect2.exe -plugin /usr/lib/gcc/x86_64-pc-msys/13.3.0/msys-lto_plugin.dll -plugin-opt=/usr/lib/gcc/x86_64-pc-msys/13.3.0/lto-wrapper.exe -plugin-opt=-fresolution=/c/Users/paulr/AppData/Local/Temp/ccRuf34U.res -plugin-opt=-pass-through=-lgcc_s -plugin-opt=-pass-through=-lgcc -plugin-opt=-pass-through=-lmsys-2.0 -plugin-opt=-pass-through=-ladvapi32 -plugin-opt=-pass-through=-lshell32 -plugin-opt=-pass-through=-luser32 -plugin-opt=-pass-through=-lkernel32 -plugin-opt=-pass-through=-lgcc_s -plugin-opt=-pass-through=-lgcc --build-id -m i386pep --wrap _Znwm --wrap _Znam --wrap _ZdlPv --wrap _ZdaPv --wrap _ZnwmRKSt9nothrow_t --wrap _ZnamRKSt9nothrow_t --wrap _ZdlPvRKSt9nothrow_t --wrap _ZdaPvRKSt9nothrow_t -Bdynamic --dll-search-prefix=msys- --tsaware -o cmTC_f69fe.exe /usr/lib/gcc/x86_64-pc-msys/13.3.0/../../../crt0.o /usr/lib/gcc/x86_64-pc-msys/13.3.0/crtbegin.o -L/usr/lib/gcc/x86_64-pc-msys/13.3.0 -L/usr/lib/gcc/x86_64-pc-msys/13.3.0/../../../../x86_64-pc-msys/lib -L/usr/lib/gcc/x86_64-pc-msys/13.3.0/../../.. --whole-archive CMakeFiles/cmTC_f69fe.dir/objects.a --no-whole-archive --out-implib libcmTC_f69fe.dll.a --major-image-version 0 --minor-image-version 0 -lgcc_s -lgcc -lmsys-2.0 -ladvapi32 -lshell32 -luser32 -lkernel32 -lgcc_s -lgcc /usr/lib/gcc/x86_64-pc-msys/13.3.0/../../../default-manifest.o /usr/lib/gcc/x86_64-pc-msys/13.3.0/crtend.o]
    arg [/usr/lib/gcc/x86_64-pc-msys/13.3.0/collect2.exe] ==> ignore
    arg [-plugin] ==> ignore
    arg [/usr/lib/gcc/x86_64-pc-msys/13.3.0/msys-lto_plugin.dll] ==> ignore
    arg [-plugin-opt=/usr/lib/gcc/x86_64-pc-msys/13.3.0/lto-wrapper.exe] ==> ignore
    arg [-plugin-opt=-fresolution=/c/Users/paulr/AppData/Local/Temp/ccRuf34U.res] ==> ignore
    arg [-plugin-opt=-pass-through=-lgcc_s] ==> ignore
    arg [-plugin-opt=-pass-through=-lgcc] ==> ignore
    arg [-plugin-opt=-pass-through=-lmsys-2.0] ==> ignore
    arg [-plugin-opt=-pass-through=-ladvapi32] ==> ignore
    arg [-plugin-opt=-pass-through=-lshell32] ==> ignore
    arg [-plugin-opt=-pass-through=-luser32] ==> ignore
    arg [-plugin-opt=-pass-through=-lkernel32] ==> ignore
    arg [-plugin-opt=-pass-through=-lgcc_s] ==> ignore
    arg [-plugin-opt=-pass-through=-lgcc] ==> ignore
    arg [--build-id] ==> ignore
    arg [-m] ==> ignore
    arg [i386pep] ==> ignore
    arg [--wrap] ==> ignore
    arg [_Znwm] ==> ignore
    arg [--wrap] ==> ignore
    arg [_Znam] ==> ignore
    arg [--wrap] ==> ignore
    arg [_ZdlPv] ==> ignore
    arg [--wrap] ==> ignore
    arg [_ZdaPv] ==> ignore
    arg [--wrap] ==> ignore
    arg [_ZnwmRKSt9nothrow_t] ==> ignore
    arg [--wrap] ==> ignore
    arg [_ZnamRKSt9nothrow_t] ==> ignore
    arg [--wrap] ==> ignore
    arg [_ZdlPvRKSt9nothrow_t] ==> ignore
    arg [--wrap] ==> ignore
    arg [_ZdaPvRKSt9nothrow_t] ==> ignore
    arg [-Bdynamic] ==> search dynamic
    arg [--dll-search-prefix=msys-] ==> ignore
    arg [--tsaware] ==> ignore
    arg [-o] ==> ignore
    arg [cmTC_f69fe.exe] ==> ignore
    arg [/usr/lib/gcc/x86_64-pc-msys/13.3.0/../../../crt0.o] ==> obj [/usr/lib/gcc/x86_64-pc-msys/13.3.0/../../../crt0.o]
    arg [/usr/lib/gcc/x86_64-pc-msys/13.3.0/crtbegin.o] ==> obj [/usr/lib/gcc/x86_64-pc-msys/13.3.0/crtbegin.o]
    arg [-L/usr/lib/gcc/x86_64-pc-msys/13.3.0] ==> dir [/usr/lib/gcc/x86_64-pc-msys/13.3.0]
    arg [-L/usr/lib/gcc/x86_64-pc-msys/13.3.0/../../../../x86_64-pc-msys/lib] ==> dir [/usr/lib/gcc/x86_64-pc-msys/13.3.0/../../../../x86_64-pc-msys/lib]
    arg [-L/usr/lib/gcc/x86_64-pc-msys/13.3.0/../../..] ==> dir [/usr/lib/gcc/x86_64-pc-msys/13.3.0/../../..]
    arg [--whole-archive] ==> ignore
    arg [CMakeFiles/cmTC_f69fe.dir/objects.a] ==> ignore
    arg [--no-whole-archive] ==> ignore
    arg [--out-implib] ==> ignore
    arg [libcmTC_f69fe.dll.a] ==> ignore
    arg [--major-image-version] ==> ignore
    arg [0] ==> ignore
    arg [--minor-image-version] ==> ignore
    arg [0] ==> ignore
    arg [-lgcc_s] ==> lib [gcc_s]
    arg [-lgcc] ==> lib [gcc]
    arg [-lmsys-2.0] ==> lib [msys-2.0]
    arg [-ladvapi32] ==> lib [advapi32]
    arg [-lshell32] ==> lib [shell32]
    arg [-luser32] ==> lib [user32]
    arg [-lkernel32] ==> lib [kernel32]
    arg [-lgcc_s] ==> lib [gcc_s]
    arg [-lgcc] ==> lib [gcc]
    arg [/usr/lib/gcc/x86_64-pc-msys/13.3.0/../../../default-manifest.o] ==> obj [/usr/lib/gcc/x86_64-pc-msys/13.3.0/../../../default-manifest.o]
    arg [/usr/lib/gcc/x86_64-pc-msys/13.3.0/crtend.o] ==> obj [/usr/lib/gcc/x86_64-pc-msys/13.3.0/crtend.o]
  collapse obj [/usr/lib/gcc/x86_64-pc-msys/13.3.0/../../../crt0.o] ==> [/usr/lib/crt0.o]
  collapse obj [/usr/lib/gcc/x86_64-pc-msys/13.3.0/../../../default-manifest.o] ==> [/usr/lib/default-manifest.o]
  collapse library dir [/usr/lib/gcc/x86_64-pc-msys/13.3.0] ==> [/usr/lib/gcc/x86_64-pc-msys/13.3.0]
  collapse library dir [/usr/lib/gcc/x86_64-pc-msys/13.3.0/../../../../x86_64-pc-msys/lib] ==> [/usr/x86_64-pc-msys/lib]
  collapse library dir [/usr/lib/gcc/x86_64-pc-msys/13.3.0/../../..] ==> [/usr/lib]
  implicit libs: [gcc_s;gcc;msys-2.0;advapi32;shell32;user32;kernel32;gcc_s;gcc]
  implicit objs: [/usr/lib/crt0.o;/usr/lib/gcc/x86_64-pc-msys/13.3.0/crtbegin.o;/usr/lib/default-manifest.o;/usr/lib/gcc/x86_64-pc-msys/13.3.0/crtend.o]
  implicit dirs: [/usr/lib/gcc/x86_64-pc-msys/13.3.0;/usr/x86_64-pc-msys/lib;/usr/lib]
  implicit fwks: []


Detecting CXX compiler ABI info compiled with the following output:
Change Dir: E:/ENGINE/my_lib/CMakeFiles/CMakeTmp

Run Build Command(s):C:/msys64/usr/bin/make.exe -f Makefile cmTC_cc8e5/fast && /usr/bin/make  -f CMakeFiles/cmTC_cc8e5.dir/build.make CMakeFiles/cmTC_cc8e5.dir/build
make[1]: Entering directory '/e/ENGINE/my_lib/CMakeFiles/CMakeTmp'
Building CXX object CMakeFiles/cmTC_cc8e5.dir/CMakeCXXCompilerABI.cpp.obj
C:/msys64/usr/bin/c++.exe   -v -o CMakeFiles/cmTC_cc8e5.dir/CMakeCXXCompilerABI.cpp.obj -c "C:/Program Files/CMake/share/cmake-3.23/Modules/CMakeCXXCompilerABI.cpp"
Using built-in specs.
COLLECT_GCC=C:/msys64/usr/bin/c++
Target: x86_64-pc-msys
Configured with: /c/S/B/src/gcc-13.3.0/configure --build=x86_64-pc-msys --prefix=/usr --libexecdir=/usr/lib --enable-bootstrap --enable-static --enable-shared --enable-shared-libgcc --enable-version-specific-runtime-libs --with-arch=nocona --with-tune=generic --disable-multilib --enable-__cxa_atexit --with-dwarf2 --enable-languages=c,c++,lto --enable-graphite --enable-threads=posix --enable-libatomic --enable-libgomp --disable-libitm --enable-libquadmath --enable-libquadmath-support --disable-libssp --disable-win32-registry --disable-symvers --with-gnu-ld --with-gnu-as --disable-isl-version-check --enable-checking=release --without-libiconv-prefix --without-libintl-prefix --with-system-zlib --enable-linker-build-id --enable-libstdcxx-filesystem-ts
Thread model: posix
Supported LTO compression algorithms: zlib
gcc version 13.3.0 (GCC) 
COLLECT_GCC_OPTIONS='-v' '-o' 'CMakeFiles/cmTC_cc8e5.dir/CMakeCXXCompilerABI.cpp.obj' '-c' '-shared-libgcc' '-mtune=generic' '-march=nocona' '-dumpdir' 'CMakeFiles/cmTC_cc8e5.dir/'
 /usr/lib/gcc/x86_64-pc-msys/13.3.0/cc1plus.exe -quiet -v -idirafter /usr/lib/gcc/x86_64-pc-msys/13.3.0/../../../../include/w32api -idirafter /usr/lib/gcc/x86_64-pc-msys/13.3.0/../../../../x86_64-pc-msys/lib/../../include/w32api C:/Program Files/CMake/share/cmake-3.23/Modules/CMakeCXXCompilerABI.cpp -quiet -dumpdir CMakeFiles/cmTC_cc8e5.dir/ -dumpbase CMakeCXXCompilerABI.cpp.cpp -dumpbase-ext .cpp -mtune=generic -march=nocona -version -o /c/Users/paulr/AppData/Local/Temp/cctJyst1.s
GNU C++17 (GCC) version 13.3.0 (x86_64-pc-msys)
	compiled by GNU C version 13.3.0, GMP version 6.3.0, MPFR version 4.2.1, MPC version 1.3.1, isl version isl-0.27-GMP

GGC heuristics: --param ggc-min-expand=100 --param ggc-min-heapsize=131072
ignoring nonexistent directory "/usr/local/include"
ignoring nonexistent directory "/usr/lib/gcc/x86_64-pc-msys/13.3.0/../../../../x86_64-pc-msys/include"
ignoring duplicate directory "/usr/lib/gcc/x86_64-pc-msys/13.3.0/../../../../x86_64-pc-msys/lib/../../include/w32api"
#include "..." search starts here:
#include <...> search starts here:
 /usr/lib/gcc/x86_64-pc-msys/13.3.0/include/c++
 /usr/lib/gcc/x86_64-pc-msys/13.3.0/include/c++/x86_64-pc-msys
 /usr/lib/gcc/x86_64-pc-msys/13.3.0/include/c++/backward
 /usr/lib/gcc/x86_64-pc-msys/13.3.0/include
 /usr/lib/gcc/x86_64-pc-msys/13.3.0/include-fixed
 /usr/include
 /usr/lib/gcc/x86_64-pc-msys/13.3.0/../../../../include/w32api
End of search list.
Compiler executable checksum: 93cf7bf6317c250774ae586f79c82ae8
COLLECT_GCC_OPTIONS='-v' '-o' 'CMakeFiles/cmTC_cc8e5.dir/CMakeCXXCompilerABI.cpp.obj' '-c' '-shared-libgcc' '-mtune=generic' '-march=nocona' '-dumpdir' 'CMakeFiles/cmTC_cc8e5.dir/'
 /usr/lib/gcc/x86_64-pc-msys/13.3.0/../../../../x86_64-pc-msys/bin/as.exe -v -o CMakeFiles/cmTC_cc8e5.dir/CMakeCXXCompilerABI.cpp.obj /c/Users/paulr/AppData/Local/Temp/cctJyst1.s
GNU assembler version 2.43.1 (x86_64-pc-msys) using BFD version (GNU Binutils) 2.43.1
COMPILER_PATH=/usr/lib/gcc/x86_64-pc-msys/13.3.0/:/usr/lib/gcc/x86_64-pc-msys/13.3.0/:/usr/lib/gcc/x86_64-pc-msys/:/usr/lib/gcc/x86_64-pc-msys/13.3.0/:/usr/lib/gcc/x86_64-pc-msys/:/usr/lib/gcc/x86_64-pc-msys/13.3.0/../../../../x86_64-pc-msys/bin/
LIBRARY_PATH=/usr/lib/gcc/x86_64-pc-msys/13.3.0/:/usr/lib/gcc/x86_64-pc-msys/13.3.0/../../../../x86_64-pc-msys/lib/:/usr/lib/gcc/x86_64-pc-msys/13.3.0/../../../:/usr/lib/
COLLECT_GCC_OPTIONS='-v' '-o' 'CMakeFiles/cmTC_cc8e5.dir/CMakeCXXCompilerABI.cpp.obj' '-c' '-shared-libgcc' '-mtune=generic' '-march=nocona' '-dumpdir' 'CMakeFiles/cmTC_cc8e5.dir/CMakeCXXCompilerABI.cpp.'
Linking CXX executable cmTC_cc8e5.exe
"C:/Program Files/CMake/bin/cmake.exe" -E rm -f CMakeFiles/cmTC_cc8e5.dir/objects.a
C:/msys64/usr/bin/ar.exe qc CMakeFiles/cmTC_cc8e5.dir/objects.a @CMakeFiles/cmTC_cc8e5.dir/objects1.rsp
C:/msys64/usr/bin/c++.exe  -v -Wl,--whole-archive CMakeFiles/cmTC_cc8e5.dir/objects.a -Wl,--no-whole-archive -o cmTC_cc8e5.exe -Wl,--out-implib,libcmTC_cc8e5.dll.a -Wl,--major-image-version,0,--minor-image-version,0 
Using built-in specs.
COLLECT_GCC=C:/msys64/usr/bin/c++
COLLECT_LTO_WRAPPER=/usr/lib/gcc/x86_64-pc-msys/13.3.0/lto-wrapper.exe
Target: x86_64-pc-msys
Configured with: /c/S/B/src/gcc-13.3.0/configure --build=x86_64-pc-msys --prefix=/usr --libexecdir=/usr/lib --enable-bootstrap --enable-static --enable-shared --enable-shared-libgcc --enable-version-specific-runtime-libs --with-arch=nocona --with-tune=generic --disable-multilib --enable-__cxa_atexit --with-dwarf2 --enable-languages=c,c++,lto --enable-graphite --enable-threads=posix --enable-libatomic --enable-libgomp --disable-libitm --enable-libquadmath --enable-libquadmath-support --disable-libssp --disable-win32-registry --disable-symvers --with-gnu-ld --with-gnu-as --disable-isl-version-check --enable-checking=release --without-libiconv-prefix --without-libintl-prefix --with-system-zlib --enable-linker-build-id --enable-libstdcxx-filesystem-ts
Thread model: posix
Supported LTO compression algorithms: zlib
gcc version 13.3.0 (GCC) 
COMPILER_PATH=/usr/lib/gcc/x86_64-pc-msys/13.3.0/:/usr/lib/gcc/x86_64-pc-msys/13.3.0/:/usr/lib/gcc/x86_64-pc-msys/:/usr/lib/gcc/x86_64-pc-msys/13.3.0/:/usr/lib/gcc/x86_64-pc-msys/:/usr/lib/gcc/x86_64-pc-msys/13.3.0/../../../../x86_64-pc-msys/bin/
LIBRARY_PATH=/usr/lib/gcc/x86_64-pc-msys/13.3.0/:/usr/lib/gcc/x86_64-pc-msys/13.3.0/../../../../x86_64-pc-msys/lib/:/usr/lib/gcc/x86_64-pc-msys/13.3.0/../../../:/usr/lib/
COLLECT_GCC_OPTIONS='-v' '-o' 'cmTC_cc8e5.exe' '-shared-libgcc' '-mtune=generic' '-march=nocona' '-dumpdir' 'cmTC_cc8e5.'
 /usr/lib/gcc/x86_64-pc-msys/13.3.0/collect2.exe -plugin /usr/lib/gcc/x86_64-pc-msys/13.3.0/msys-lto_plugin.dll -plugin-opt=/usr/lib/gcc/x86_64-pc-msys/13.3.0/lto-wrapper.exe -plugin-opt=-fresolution=/c/Users/paulr/AppData/Local/Temp/ccxcidcJ.res -plugin-opt=-pass-through=-lgcc_s -plugin-opt=-pass-through=-lgcc -plugin-opt=-pass-through=-lmsys-2.0 -plugin-opt=-pass-through=-ladvapi32 -plugin-opt=-pass-through=-lshell32 -plugin-opt=-pass-through=-luser32 -plugin-opt=-pass-through=-lkernel32 -plugin-opt=-pass-through=-lgcc_s -plugin-opt=-pass-through=-lgcc --build-id -m i386pep --wrap _Znwm --wrap _Znam --wrap _ZdlPv --wrap _ZdaPv --wrap _ZnwmRKSt9nothrow_t --wrap _ZnamRKSt9nothrow_t --wrap _ZdlPvRKSt9nothrow_t --wrap _ZdaPvRKSt9nothrow_t -Bdynamic --dll-search-prefix=msys- --tsaware -o cmTC_cc8e5.exe /usr/lib/gcc/x86_64-pc-msys/13.3.0/../../../crt0.o /usr/lib/gcc/x86_64-pc-msys/13.3.0/crtbegin.o -L/usr/lib/gcc/x86_64-pc-msys/13.3.0 -L/usr/lib/gcc/x86_64-pc-msys/13.3.0/../../../../x86_64-pc-msys/lib -L/usr/lib/gcc/x86_64-pc-msys/13.3.0/../../.. --whole-archive CMakeFiles/cmTC_cc8e5.dir/objects.a --no-whole-archive --out-implib libcmTC_cc8e5.dll.a --major-image-version 0 --minor-image-version 0 -lstdc++ -lgcc_s -lgcc -lmsys-2.0 -ladvapi32 -lshell32 -luser32 -lkernel32 -lgcc_s -lgcc /usr/lib/gcc/x86_64-pc-msys/13.3.0/../../../default-manifest.o /usr/lib/gcc/x86_64-pc-msys/13.3.0/crtend.o
COLLECT_GCC_OPTIONS='-v' '-o' 'cmTC_cc8e5.exe' '-shared-libgcc' '-mtune=generic' '-march=nocona' '-dumpdir' 'cmTC_cc8e5.'
make[1]: Leaving directory '/e/ENGINE/my_lib/CMakeFiles/CMakeTmp'



Parsed CXX implicit include dir info from above output: rv=done
  found start of include info
  found start of implicit include info
    add: [/usr/lib/gcc/x86_64-pc-msys/13.3.0/include/c++]
    add: [/usr/lib/gcc/x86_64-pc-msys/13.3.0/include/c++/x86_64-pc-msys]
    add: [/usr/lib/gcc/x86_64-pc-msys/13.3.0/include/c++/backward]
    add: [/usr/lib/gcc/x86_64-pc-msys/13.3.0/include]
    add: [/usr/lib/gcc/x86_64-pc-msys/13.3.0/include-fixed]
    add: [/usr/include]
    add: [/usr/lib/gcc/x86_64-pc-msys/13.3.0/../../../../include/w32api]
  end of search list found
  collapse include dir [/usr/lib/gcc/x86_64-pc-msys/13.3.0/include/c++] ==> [/usr/lib/gcc/x86_64-pc-msys/13.3.0/include/c++]
  collapse include dir [/usr/lib/gcc/x86_64-pc-msys/13.3.0/include/c++/x86_64-pc-msys] ==> [/usr/lib/gcc/x86_64-pc-msys/13.3.0/include/c++/x86_64-pc-msys]
  collapse include dir [/usr/lib/gcc/x86_64-pc-msys/13.3.0/include/c++/backward] ==> [/usr/lib/gcc/x86_64-pc-msys/13.3.0/include/c++/backward]
  collapse include dir [/usr/lib/gcc/x86_64-pc-msys/13.3.0/include] ==> [/usr/lib/gcc/x86_64-pc-msys/13.3.0/include]
  collapse include dir [/usr/lib/gcc/x86_64-pc-msys/13.3.0/include-fixed] ==> [/usr/lib/gcc/x86_64-pc-msys/13.3.0/include-fixed]
  collapse include dir [/usr/include] ==> [/usr/include]
  collapse include dir [/usr/lib/gcc/x86_64-pc-msys/13.3.0/../../../../include/w32api] ==> [/usr/include/w32api]
  implicit include dirs: [/usr/lib/gcc/x86_64-pc-msys/13.3.0/include/c++;/usr/lib/gcc/x86_64-pc-msys/13.3.0/include/c++/x86_64-pc-msys;/usr/lib/gcc/x86_64-pc-msys/13.3.0/include/c++/backward;/usr/lib/gcc/x86_64-pc-msys/13.3.0/include;/usr/lib/gcc/x86_64-pc-msys/13.3.0/include-fixed;/usr/include;/usr/include/w32api]


Parsed CXX implicit link information from above output:
  link line regex: [^( *|.*[/\])(ld\.exe|CMAKE_LINK_STARTFILE-NOTFOUND|([^/\]+-)?ld|collect2)[^/\]*( |$)]
  ignore line: [Change Dir: E:/ENGINE/my_lib/CMakeFiles/CMakeTmp]
  ignore line: []
  ignore line: [Run Build Command(s):C:/msys64/usr/bin/make.exe -f Makefile cmTC_cc8e5/fast && /usr/bin/make  -f CMakeFiles/cmTC_cc8e5.dir/build.make CMakeFiles/cmTC_cc8e5.dir/build]
  ignore line: [make[1]: Entering directory '/e/ENGINE/my_lib/CMakeFiles/CMakeTmp']
  ignore line: [Building CXX object CMakeFiles/cmTC_cc8e5.dir/CMakeCXXCompilerABI.cpp.obj]
  ignore line: [C:/msys64/usr/bin/c++.exe   -v -o CMakeFiles/cmTC_cc8e5.dir/CMakeCXXCompilerABI.cpp.obj -c "C:/Program Files/CMake/share/cmake-3.23/Modules/CMakeCXXCompilerABI.cpp"]
  ignore line: [Using built-in specs.]
  ignore line: [COLLECT_GCC=C:/msys64/usr/bin/c++]
  ignore line: [Target: x86_64-pc-msys]
  ignore line: [Configured with: /c/S/B/src/gcc-13.3.0/configure --build=x86_64-pc-msys --prefix=/usr --libexecdir=/usr/lib --enable-bootstrap --enable-static --enable-shared --enable-shared-libgcc --enable-version-specific-runtime-libs --with-arch=nocona --with-tune=generic --disable-multilib --enable-__cxa_atexit --with-dwarf2 --enable-languages=c,c++,lto --enable-graphite --enable-threads=posix --enable-libatomic --enable-libgomp --disable-libitm --enable-libquadmath --enable-libquadmath-support --disable-libssp --disable-win32-registry --disable-symvers --with-gnu-ld --with-gnu-as --disable-isl-version-check --enable-checking=release --without-libiconv-prefix --without-libintl-prefix --with-system-zlib --enable-linker-build-id --enable-libstdcxx-filesystem-ts]
  ignore line: [Thread model: posix]
  ignore line: [Supported LTO compression algorithms: zlib]
  ignore line: [gcc version 13.3.0 (GCC) ]
  ignore line: [COLLECT_GCC_OPTIONS='-v' '-o' 'CMakeFiles/cmTC_cc8e5.dir/CMakeCXXCompilerABI.cpp.obj' '-c' '-shared-libgcc' '-mtune=generic' '-march=nocona' '-dumpdir' 'CMakeFiles/cmTC_cc8e5.dir/']
  ignore line: [ /usr/lib/gcc/x86_64-pc-msys/13.3.0/cc1plus.exe -quiet -v -idirafter /usr/lib/gcc/x86_64-pc-msys/13.3.0/../../../../include/w32api -idirafter /usr/lib/gcc/x86_64-pc-msys/13.3.0/../../../../x86_64-pc-msys/lib/../../include/w32api C:/Program Files/CMake/share/cmake-3.23/Modules/CMakeCXXCompilerABI.cpp -quiet -dumpdir CMakeFiles/cmTC_cc8e5.dir/ -dumpbase CMakeCXXCompilerABI.cpp.cpp -dumpbase-ext .cpp -mtune=generic -march=nocona -version -o /c/Users/paulr/AppData/Local/Temp/cctJyst1.s]
  ignore line: [GNU C++17 (GCC) version 13.3.0 (x86_64-pc-msys)]
  ignore line: [	compiled by GNU C version 13.3.0  GMP version 6.3.0  MPFR version 4.2.1  MPC version 1.3.1  isl version isl-0.27-GMP]
  ignore line: []
  ignore line: [GGC heuristics: --param ggc-min-expand=100 --param ggc-min-heapsize=131072]
  ignore line: [ignoring nonexistent directory "/usr/local/include"]
  ignore line: [ignoring nonexistent directory "/usr/lib/gcc/x86_64-pc-msys/13.3.0/../../../../x86_64-pc-msys/include"]
  ignore line: [ignoring duplicate directory "/usr/lib/gcc/x86_64-pc-msys/13.3.0/../../../../x86_64-pc-msys/lib/../../include/w32api"]
  ignore line: [#include "..." search starts here:]
  ignore line: [#include <...> search starts here:]
  ignore line: [ /usr/lib/gcc/x86_64-pc-msys/13.3.0/include/c++]
  ignore line: [ /usr/lib/gcc/x86_64-pc-msys/13.3.0/include/c++/x86_64-pc-msys]
  ignore line: [ /usr/lib/gcc/x86_64-pc-msys/13.3.0/include/c++/backward]
  ignore line: [ /usr/lib/gcc/x86_64-pc-msys/13.3.0/include]
  ignore line: [ /usr/lib/gcc/x86_64-pc-msys/13.3.0/include-fixed]
  ignore line: [ /usr/include]
  ignore line: [ /usr/lib/gcc/x86_64-pc-msys/13.3.0/../../../../include/w32api]
  ignore line: [End of search list.]
  ignore line: [Compiler executable checksum: 93cf7bf6317c250774ae586f79c82ae8]
  ignore line: [COLLECT_GCC_OPTIONS='-v' '-o' 'CMakeFiles/cmTC_cc8e5.dir/CMakeCXXCompilerABI.cpp.obj' '-c' '-shared-libgcc' '-mtune=generic' '-march=nocona' '-dumpdir' 'CMakeFiles/cmTC_cc8e5.dir/']
  ignore line: [ /usr/lib/gcc/x86_64-pc-msys/13.3.0/../../../../x86_64-pc-msys/bin/as.exe -v -o CMakeFiles/cmTC_cc8e5.dir/CMakeCXXCompilerABI.cpp.obj /c/Users/paulr/AppData/Local/Temp/cctJyst1.s]
  ignore line: [GNU assembler version 2.43.1 (x86_64-pc-msys) using BFD version (GNU Binutils) 2.43.1]
  ignore line: [COMPILER_PATH=/usr/lib/gcc/x86_64-pc-msys/13.3.0/:/usr/lib/gcc/x86_64-pc-msys/13.3.0/:/usr/lib/gcc/x86_64-pc-msys/:/usr/lib/gcc/x86_64-pc-msys/13.3.0/:/usr/lib/gcc/x86_64-pc-msys/:/usr/lib/gcc/x86_64-pc-msys/13.3.0/../../../../x86_64-pc-msys/bin/]
  ignore line: [LIBRARY_PATH=/usr/lib/gcc/x86_64-pc-msys/13.3.0/:/usr/lib/gcc/x86_64-pc-msys/13.3.0/../../../../x86_64-pc-msys/lib/:/usr/lib/gcc/x86_64-pc-msys/13.3.0/../../../:/usr/lib/]
  ignore line: [COLLECT_GCC_OPTIONS='-v' '-o' 'CMakeFiles/cmTC_cc8e5.dir/CMakeCXXCompilerABI.cpp.obj' '-c' '-shared-libgcc' '-mtune=generic' '-march=nocona' '-dumpdir' 'CMakeFiles/cmTC_cc8e5.dir/CMakeCXXCompilerABI.cpp.']
  ignore line: [Linking CXX executable cmTC_cc8e5.exe]
  ignore line: ["C:/Program Files/CMake/bin/cmake.exe" -E rm -f CMakeFiles/cmTC_cc8e5.dir/objects.a]
  ignore line: [C:/msys64/usr/bin/ar.exe qc CMakeFiles/cmTC_cc8e5.dir/objects.a @CMakeFiles/cmTC_cc8e5.dir/objects1.rsp]
  ignore line: [C:/msys64/usr/bin/c++.exe  -v -Wl --whole-archive CMakeFiles/cmTC_cc8e5.dir/objects.a -Wl --no-whole-archive -o cmTC_cc8e5.exe -Wl --out-implib libcmTC_cc8e5.dll.a -Wl --major-image-version 0 --minor-image-version 0 ]
  ignore line: [Using built-in specs.]
  ignore line: [COLLECT_GCC=C:/msys64/usr/bin/c++]
  ignore line: [COLLECT_LTO_WRAPPER=/usr/lib/gcc/x86_64-pc-msys/13.3.0/lto-wrapper.exe]
  ignore line: [Target: x86_64-pc-msys]
  ignore line: [Configured with: /c/S/B/src/gcc-13.3.0/configure --build=x86_64-pc-msys --prefix=/usr --libexecdir=/usr/lib --enable-bootstrap --enable-static --enable-shared --enable-shared-libgcc --enable-version-specific-runtime-libs --with-arch=nocona --with-tune=generic --disable-multilib --enable-__cxa_atexit --with-dwarf2 --enable-languages=c,c++,lto --enable-graphite --enable-threads=posix --enable-libatomic --enable-libgomp --disable-libitm --enable-libquadmath --enable-libquadmath-support --disable-libssp --disable-win32-registry --disable-symvers --with-gnu-ld --with-gnu-as --disable-isl-version-check --enable-checking=release --without-libiconv-prefix --without-libintl-prefix --with-system-zlib --enable-linker-build-id --enable-libstdcxx-filesystem-ts]
  ignore line: [Thread model: posix]
  ignore line: [Supported LTO compression algorithms: zlib]
  ignore line: [gcc version 13.3.0 (GCC) ]
  ignore line: [COMPILER_PATH=/usr/lib/gcc/x86_64-pc-msys/13.3.0/:/usr/lib/gcc/x86_64-pc-msys/13.3.0/:/usr/lib/gcc/x86_64-pc-msys/:/usr/lib/gcc/x86_64-pc-msys/13.3.0/:/usr/lib/gcc/x86_64-pc-msys/:/usr/lib/gcc/x86_64-pc-msys/13.3.0/../../../../x86_64-pc-msys/bin/]
  ignore line: [LIBRARY_PATH=/usr/lib/gcc/x86_64-pc-msys/13.3.0/:/usr/lib/gcc/x86_64-pc-msys/13.3.0/../../../../x86_64-pc-msys/lib/:/usr/lib/gcc/x86_64-pc-msys/13.3.0/../../../:/usr/lib/]
  ignore line: [COLLECT_GCC_OPTIONS='-v' '-o' 'cmTC_cc8e5.exe' '-shared-libgcc' '-mtune=generic' '-march=nocona' '-dumpdir' 'cmTC_cc8e5.']
  link line: [ /usr/lib/gcc/x86_64-pc-msys/13.3.0/collect2.exe -plugin /usr/lib/gcc/x86_64-pc-msys/13.3.0/msys-lto_plugin.dll -plugin-opt=/usr/lib/gcc/x86_64-pc-msys/13.3.0/lto-wrapper.exe -plugin-opt=-fresolution=/c/Users/paulr/AppData/Local/Temp/ccxcidcJ.res -plugin-opt=-pass-through=-lgcc_s -plugin-opt=-pass-through=-lgcc -plugin-opt=-pass-through=-lmsys-2.0 -plugin-opt=-pass-through=-ladvapi32 -plugin-opt=-pass-through=-lshell32 -plugin-opt=-pass-through=-luser32 -plugin-opt=-pass-through=-lkernel32 -plugin-opt=-pass-through=-lgcc_s -plugin-opt=-pass-through=-lgcc --build-id -m i386pep --wrap _Znwm --wrap _Znam --wrap _ZdlPv --wrap _ZdaPv --wrap _ZnwmRKSt9nothrow_t --wrap _ZnamRKSt9nothrow_t --wrap _ZdlPvRKSt9nothrow_t --wrap _ZdaPvRKSt9nothrow_t -Bdynamic --dll-search-prefix=msys- --tsaware -o cmTC_cc8e5.exe /usr/lib/gcc/x86_64-pc-msys/13.3.0/../../../crt0.o /usr/lib/gcc/x86_64-pc-msys/13.3.0/crtbegin.o -L/usr/lib/gcc/x86_64-pc-msys/13.3.0 -L/usr/lib/gcc/x86_64-pc-msys/13.3.0/../../../../x86_64-pc-msys/lib -L/usr/lib/gcc/x86_64-pc-msys/13.3.0/../../.. --whole-archive CMakeFiles/cmTC_cc8e5.dir/objects.a --no-whole-archive --out-implib libcmTC_cc8e5.dll.a --major-image-version 0 --minor-image-version 0 -lstdc++ -lgcc_s -lgcc -lmsys-2.0 -ladvapi32 -lshell32 -luser32 -lkernel32 -lgcc_s -lgcc /usr/lib/gcc/x86_64-pc-msys/13.3.0/../../../default-manifest.o /usr/lib/gcc/x86_64-pc-msys/13.3.0/crtend.o]
    arg [/usr/lib/gcc/x86_64-pc-msys/13.3.0/collect2.exe] ==> ignore
    arg [-plugin] ==> ignore
    arg [/usr/lib/gcc/x86_64-pc-msys/13.3.0/msys-lto_plugin.dll] ==> ignore
    arg [-plugin-opt=/usr/lib/gcc/x86_64-pc-msys/13.3.0/lto-wrapper.exe] ==> ignore
    arg [-plugin-opt=-fresolution=/c/Users/paulr/AppData/Local/Temp/ccxcidcJ.res] ==> ignore
    arg [-plugin-opt=-pass-through=-lgcc_s] ==> ignore
    arg [-plugin-opt=-pass-through=-lgcc] ==> ignore
    arg [-plugin-opt=-pass-through=-lmsys-2.0] ==> ignore
    arg [-plugin-opt=-pass-through=-ladvapi32] ==> ignore
    arg [-plugin-opt=-pass-through=-lshell32] ==> ignore
    arg [-plugin-opt=-pass-through=-luser32] ==> ignore
    arg [-plugin-opt=-pass-through=-lkernel32] ==> ignore
    arg [-plugin-opt=-pass-through=-lgcc_s] ==> ignore
    arg [-plugin-opt=-pass-through=-lgcc] ==> ignore
    arg [--build-id] ==> ignore
    arg [-m] ==> ignore
    arg [i386pep] ==> ignore
    arg [--wrap] ==> ignore
    arg [_Znwm] ==> ignore
    arg [--wrap] ==> ignore
    arg [_Znam] ==> ignore
    arg [--wrap] ==> ignore
    arg [_ZdlPv] ==> ignore
    arg [--wrap] ==> ignore
    arg [_ZdaPv] ==> ignore
    arg [--wrap] ==> ignore
    arg [_ZnwmRKSt9nothrow_t] ==> ignore
    arg [--wrap] ==> ignore
    arg [_ZnamRKSt9nothrow_t] ==> ignore
    arg [--wrap] ==> ignore
    arg [_ZdlPvRKSt9nothrow_t] ==> ignore
    arg [--wrap] ==> ignore
    arg [_ZdaPvRKSt9nothrow_t] ==> ignore
    arg [-Bdynamic] ==> search dynamic
    arg [--dll-search-prefix=msys-] ==> ignore
    arg [--tsaware] ==> ignore
    arg [-o] ==> ignore
    arg [cmTC_cc8e5.exe] ==> ignore
    arg [/usr/lib/gcc/x86_64-pc-msys/13.3.0/../../../crt0.o] ==> obj [/usr/lib/gcc/x86_64-pc-msys/13.3.0/../../../crt0.o]
    arg [/usr/lib/gcc/x86_64-pc-msys/13.3.0/crtbegin.o] ==> obj [/usr/lib/gcc/x86_64-pc-msys/13.3.0/crtbegin.o]
    arg [-L/usr/lib/gcc/x86_64-pc-msys/13.3.0] ==> dir [/usr/lib/gcc/x86_64-pc-msys/13.3.0]
    arg [-L/usr/lib/gcc/x86_64-pc-msys/13.3.0/../../../../x86_64-pc-msys/lib] ==> dir [/usr/lib/gcc/x86_64-pc-msys/13.3.0/../../../../x86_64-pc-msys/lib]
    arg [-L/usr/lib/gcc/x86_64-pc-msys/13.3.0/../../..] ==> dir [/usr/lib/gcc/x86_64-pc-msys/13.3.0/../../..]
    arg [--whole-archive] ==> ignore
    arg [CMakeFiles/cmTC_cc8e5.dir/objects.a] ==> ignore
    arg [--no-whole-archive] ==> ignore
    arg [--out-implib] ==> ignore
    arg [libcmTC_cc8e5.dll.a] ==> ignore
    arg [--major-image-version] ==> ignore
    arg [0] ==> ignore
    arg [--minor-image-version] ==> ignore
    arg [0] ==> ignore
    arg [-lstdc++] ==> lib [stdc++]
    arg [-lgcc_s] ==> lib [gcc_s]
    arg [-lgcc] ==> lib [gcc]
    arg [-lmsys-2.0] ==> lib [msys-2.0]
    arg [-ladvapi32] ==> lib [advapi32]
    arg [-lshell32] ==> lib [shell32]
    arg [-luser32] ==> lib [user32]
    arg [-lkernel32] ==> lib [kernel32]
    arg [-lgcc_s] ==> lib [gcc_s]
    arg [-lgcc] ==> lib [gcc]
    arg [/usr/lib/gcc/x86_64-pc-msys/13.3.0/../../../default-manifest.o] ==> obj [/usr/lib/gcc/x86_64-pc-msys/13.3.0/../../../default-manifest.o]
    arg [/usr/lib/gcc/x86_64-pc-msys/13.3.0/crtend.o] ==> obj [/usr/lib/gcc/x86_64-pc-msys/13.3.0/crtend.o]
  collapse obj [/usr/lib/gcc/x86_64-pc-msys/13.3.0/../../../crt0.o] ==> [/usr/lib/crt0.o]
  collapse obj [/usr/lib/gcc/x86_64-pc-msys/13.3.0/../../../default-manifest.o] ==> [/usr/lib/default-manifest.o]
  collapse library dir [/usr/lib/gcc/x86_64-pc-msys/13.3.0] ==> [/usr/lib/gcc/x86_64-pc-msys/13.3.0]
  collapse library dir [/usr/lib/gcc/x86_64-pc-msys/13.3.0/../../../../x86_64-pc-msys/lib] ==> [/usr/x86_64-pc-msys/lib]
  collapse library dir [/usr/lib/gcc/x86_64-pc-msys/13.3.0/../../..] ==> [/usr/lib]
  implicit libs: [stdc++;gcc_s;gcc;msys-2.0;advapi32;shell32;user32;kernel32;gcc_s;gcc]
  implicit objs: [/usr/lib/crt0.o;/usr/lib/gcc/x86_64-pc-msys/13.3.0/crtbegin.o;/usr/lib/default-manifest.o;/usr/lib/gcc/x86_64-pc-msys/13.3.0/crtend.o]
  implicit dirs: [/usr/lib/gcc/x86_64-pc-msys/13.3.0;/usr/x86_64-pc-msys/lib;/usr/lib]
  implicit fwks: []


The system is: Windows - 10.0.19045 - AMD64
Compiling the C compiler identification source file "CMakeCCompilerId.c" succeeded.
Compiler: C:/msys64/usr/bin/cc.exe 
Build flags: 
Id flags:  

The output was:
0


Compilation of the C compiler identification source "CMakeCCompilerId.c" produced "a.exe"

The C compiler identification is GNU, found in "E:/ENGINE/my_lib/CMakeFiles/3.23.4/CompilerIdC/a.exe"

Compiling the CXX compiler identification source file "CMakeCXXCompilerId.cpp" succeeded.
Compiler: C:/msys64/usr/bin/c++.exe 
Build flags: 
Id flags:  

The output was:
0


Compilation of the CXX compiler identification source "CMakeCXXCompilerId.cpp" produced "a.exe"

The CXX compiler identification is GNU, found in "E:/ENGINE/my_lib/CMakeFiles/3.23.4/CompilerIdCXX/a.exe"

Detecting C compiler ABI info compiled with the following output:
Change Dir: E:/ENGINE/my_lib/CMakeFiles/CMakeTmp

Run Build Command(s):C:/msys64/usr/bin/make.exe -f Makefile cmTC_ff031/fast && /usr/bin/make  -f CMakeFiles/cmTC_ff031.dir/build.make CMakeFiles/cmTC_ff031.dir/build
make[1]: Entering directory '/e/ENGINE/my_lib/CMakeFiles/CMakeTmp'
Building C object CMakeFiles/cmTC_ff031.dir/CMakeCCompilerABI.c.obj
C:/msys64/usr/bin/cc.exe   -v -o CMakeFiles/cmTC_ff031.dir/CMakeCCompilerABI.c.obj -c "C:/Program Files/CMake/share/cmake-3.23/Modules/CMakeCCompilerABI.c"
Using built-in specs.
COLLECT_GCC=C:/msys64/usr/bin/cc
Target: x86_64-pc-msys
Configured with: /c/S/B/src/gcc-13.3.0/configure --build=x86_64-pc-msys --prefix=/usr --libexecdir=/usr/lib --enable-bootstrap --enable-static --enable-shared --enable-shared-libgcc --enable-version-specific-runtime-libs --with-arch=nocona --with-tune=generic --disable-multilib --enable-__cxa_atexit --with-dwarf2 --enable-languages=c,c++,lto --enable-graphite --enable-threads=posix --enable-libatomic --enable-libgomp --disable-libitm --enable-libquadmath --enable-libquadmath-support --disable-libssp --disable-win32-registry --disable-symvers --with-gnu-ld --with-gnu-as --disable-isl-version-check --enable-checking=release --without-libiconv-prefix --without-libintl-prefix --with-system-zlib --enable-linker-build-id --enable-libstdcxx-filesystem-ts
Thread model: posix
Supported LTO compression algorithms: zlib
gcc version 13.3.0 (GCC) 
COLLECT_GCC_OPTIONS='-v' '-o' 'CMakeFiles/cmTC_ff031.dir/CMakeCCompilerABI.c.obj' '-c' '-mtune=generic' '-march=nocona' '-dumpdir' 'CMakeFiles/cmTC_ff031.dir/'
 /usr/lib/gcc/x86_64-pc-msys/13.3.0/cc1.exe -quiet -v -idirafter /usr/lib/gcc/x86_64-pc-msys/13.3.0/../../../../include/w32api -idirafter /usr/lib/gcc/x86_64-pc-msys/13.3.0/../../../../x86_64-pc-msys/lib/../../include/w32api C:/Program Files/CMake/share/cmake-3.23/Modules/CMakeCCompilerABI.c -quiet -dumpdir CMakeFiles/cmTC_ff031.dir/ -dumpbase CMakeCCompilerABI.c.c -dumpbase-ext .c -mtune=generic -march=nocona -version -o /c/Users/paulr/AppData/Local/Temp/cc6X2Zed.s
GNU C17 (GCC) version 13.3.0 (x86_64-pc-msys)
	compiled by GNU C version 13.3.0, GMP version 6.3.0, MPFR version 4.2.1, MPC version 1.3.1, isl version isl-0.27-GMP

GGC heuristics: --param ggc-min-expand=100 --param ggc-min-heapsize=131072
ignoring nonexistent directory "/usr/local/include"
ignoring nonexistent directory "/usr/lib/gcc/x86_64-pc-msys/13.3.0/../../../../x86_64-pc-msys/include"
ignoring duplicate directory "/usr/lib/gcc/x86_64-pc-msys/13.3.0/../../../../x86_64-pc-msys/lib/../../include/w32api"
#include "..." search starts here:
#include <...> search starts here:
 /usr/lib/gcc/x86_64-pc-msys/13.3.0/include
 /usr/lib/gcc/x86_64-pc-msys/13.3.0/include-fixed
 /usr/include
 /usr/lib/gcc/x86_64-pc-msys/13.3.0/../../../../include/w32api
End of search list.
Compiler executable checksum: 7e16f06f69d198505a4aebbcee60032e
COLLECT_GCC_OPTIONS='-v' '-o' 'CMakeFiles/cmTC_ff031.dir/CMakeCCompilerABI.c.obj' '-c' '-mtune=generic' '-march=nocona' '-dumpdir' 'CMakeFiles/cmTC_ff031.dir/'
 /usr/lib/gcc/x86_64-pc-msys/13.3.0/../../../../x86_64-pc-msys/bin/as.exe -v -o CMakeFiles/cmTC_ff031.dir/CMakeCCompilerABI.c.obj /c/Users/paulr/AppData/Local/Temp/cc6X2Zed.s
GNU assembler version 2.43.1 (x86_64-pc-msys) using BFD version (GNU Binutils) 2.43.1
COMPILER_PATH=/usr/lib/gcc/x86_64-pc-msys/13.3.0/:/usr/lib/gcc/x86_64-pc-msys/13.3.0/:/usr/lib/gcc/x86_64-pc-msys/:/usr/lib/gcc/x86_64-pc-msys/13.3.0/:/usr/lib/gcc/x86_64-pc-msys/:/usr/lib/gcc/x86_64-pc-msys/13.3.0/../../../../x86_64-pc-msys/bin/
LIBRARY_PATH=/usr/lib/gcc/x86_64-pc-msys/13.3.0/:/usr/lib/gcc/x86_64-pc-msys/13.3.0/../../../../x86_64-pc-msys/lib/:/usr/lib/gcc/x86_64-pc-msys/13.3.0/../../../:/usr/lib/
COLLECT_GCC_OPTIONS='-v' '-o' 'CMakeFiles/cmTC_ff031.dir/CMakeCCompilerABI.c.obj' '-c' '-mtune=generic' '-march=nocona' '-dumpdir' 'CMakeFiles/cmTC_ff031.dir/CMakeCCompilerABI.c.'
Linking C executable cmTC_ff031.exe
"C:/Program Files/CMake/bin/cmake.exe" -E rm -f CMakeFiles/cmTC_ff031.dir/objects.a
C:/msys64/usr/bin/ar.exe qc CMakeFiles/cmTC_ff031.dir/objects.a @CMakeFiles/cmTC_ff031.dir/objects1.rsp
C:/msys64/usr/bin/cc.exe  -v -Wl,--whole-archive CMakeFiles/cmTC_ff031.dir/objects.a -Wl,--no-whole-archive -o cmTC_ff031.exe -Wl,--out-implib,libcmTC_ff031.dll.a -Wl,--major-image-version,0,--minor-image-version,0 
Using built-in specs.
COLLECT_GCC=C:/msys64/usr/bin/cc
COLLECT_LTO_WRAPPER=/usr/lib/gcc/x86_64-pc-msys/13.3.0/lto-wrapper.exe
Target: x86_64-pc-msys
Configured with: /c/S/B/src/gcc-13.3.0/configure --build=x86_64-pc-msys --prefix=/usr --libexecdir=/usr/lib --enable-bootstrap --enable-static --enable-shared --enable-shared-libgcc --enable-version-specific-runtime-libs --with-arch=nocona --with-tune=generic --disable-multilib --enable-__cxa_atexit --with-dwarf2 --enable-languages=c,c++,lto --enable-graphite --enable-threads=posix --enable-libatomic --enable-libgomp --disable-libitm --enable-libquadmath --enable-libquadmath-support --disable-libssp --disable-win32-registry --disable-symvers --with-gnu-ld --with-gnu-as --disable-isl-version-check --enable-checking=release --without-libiconv-prefix --without-libintl-prefix --with-system-zlib --enable-linker-build-id --enable-libstdcxx-filesystem-ts
Thread model: posix
Supported LTO compression algorithms: zlib
gcc version 13.3.0 (GCC) 
COMPILER_PATH=/usr/lib/gcc/x86_64-pc-msys/13.3.0/:/usr/lib/gcc/x86_64-pc-msys/13.3.0/:/usr/lib/gcc/x86_64-pc-msys/:/usr/lib/gcc/x86_64-pc-msys/13.3.0/:/usr/lib/gcc/x86_64-pc-msys/:/usr/lib/gcc/x86_64-pc-msys/13.3.0/../../../../x86_64-pc-msys/bin/
LIBRARY_PATH=/usr/lib/gcc/x86_64-pc-msys/13.3.0/:/usr/lib/gcc/x86_64-pc-msys/13.3.0/../../../../x86_64-pc-msys/lib/:/usr/lib/gcc/x86_64-pc-msys/13.3.0/../../../:/usr/lib/
COLLECT_GCC_OPTIONS='-v' '-o' 'cmTC_ff031.exe' '-mtune=generic' '-march=nocona' '-dumpdir' 'cmTC_ff031.'
 /usr/lib/gcc/x86_64-pc-msys/13.3.0/collect2.exe -plugin /usr/lib/gcc/x86_64-pc-msys/13.3.0/msys-lto_plugin.dll -plugin-opt=/usr/lib/gcc/x86_64-pc-msys/13.3.0/lto-wrapper.exe -plugin-opt=-fresolution=/c/Users/paulr/AppData/Local/Temp/ccw2HufY.res -plugin-opt=-pass-through=-lgcc_s -plugin-opt=-pass-through=-lgcc -plugin-opt=-pass-through=-lmsys-2.0 -plugin-opt=-pass-through=-ladvapi32 -plugin-opt=-pass-through=-lshell32 -plugin-opt=-pass-through=-luser32 -plugin-opt=-pass-through=-lkernel32 -plugin-opt=-pass-through=-lgcc_s -plugin-opt=-pass-through=-lgcc --build-id -m i386pep --wrap _Znwm --wrap _Znam --wrap _ZdlPv --wrap _ZdaPv --wrap _ZnwmRKSt9nothrow_t --wrap _ZnamRKSt9nothrow_t --wrap _ZdlPvRKSt9nothrow_t --wrap _ZdaPvRKSt9nothrow_t -Bdynamic --dll-search-prefix=msys- --tsaware -o cmTC_ff031.exe /usr/lib/gcc/x86_64-pc-msys/13.3.0/../../../crt0.o /usr/lib/gcc/x86_64-pc-msys/13.3.0/crtbegin.o -L/usr/lib/gcc/x86_64-pc-msys/13.3.0 -L/usr/lib/gcc/x86_64-pc-msys/13.3.0/../../../../x86_64-pc-msys/lib -L/usr/lib/gcc/x86_64-pc-msys/13.3.0/../../.. --whole-archive CMakeFiles/cmTC_ff031.dir/objects.a --no-whole-archive --out-implib libcmTC_ff031.dll.a --major-image-version 0 --minor-image-version 0 -lgcc_s -lgcc -lmsys-2.0 -ladvapi32 -lshell32 -luser32 -lkernel32 -lgcc_s -lgcc /usr/lib/gcc/x86_64-pc-msys/13.3.0/../../../default-manifest.o /usr/lib/gcc/x86_64-pc-msys/13.3.0/crtend.o
COLLECT_GCC_OPTIONS='-v' '-o' 'cmTC_ff031.exe' '-mtune=generic' '-march=nocona' '-dumpdir' 'cmTC_ff031.'
make[1]: Leaving directory '/e/ENGINE/my_lib/CMakeFiles/CMakeTmp'



Parsed C implicit include dir info from above output: rv=done
  found start of include info
  found start of implicit include info
    add: [/usr/lib/gcc/x86_64-pc-msys/13.3.0/include]
    add: [/usr/lib/gcc/x86_64-pc-msys/13.3.0/include-fixed]
    add: [/usr/include]
    add: [/usr/lib/gcc/x86_64-pc-msys/13.3.0/../../../../include/w32api]
  end of search list found
  collapse include dir [/usr/lib/gcc/x86_64-pc-msys/13.3.0/include] ==> [/usr/lib/gcc/x86_64-pc-msys/13.3.0/include]
  collapse include dir [/usr/lib/gcc/x86_64-pc-msys/13.3.0/include-fixed] ==> [/usr/lib/gcc/x86_64-pc-msys/13.3.0/include-fixed]
  collapse include dir [/usr/include] ==> [/usr/include]
  collapse include dir [/usr/lib/gcc/x86_64-pc-msys/13.3.0/../../../../include/w32api] ==> [/usr/include/w32api]
  implicit include dirs: [/usr/lib/gcc/x86_64-pc-msys/13.3.0/include;/usr/lib/gcc/x86_64-pc-msys/13.3.0/include-fixed;/usr/include;/usr/include/w32api]


Parsed C implicit link information from above output:
  link line regex: [^( *|.*[/\])(ld\.exe|CMAKE_LINK_STARTFILE-NOTFOUND|([^/\]+-)?ld|collect2)[^/\]*( |$)]
  ignore line: [Change Dir: E:/ENGINE/my_lib/CMakeFiles/CMakeTmp]
  ignore line: []
  ignore line: [Run Build Command(s):C:/msys64/usr/bin/make.exe -f Makefile cmTC_ff031/fast && /usr/bin/make  -f CMakeFiles/cmTC_ff031.dir/build.make CMakeFiles/cmTC_ff031.dir/build]
  ignore line: [make[1]: Entering directory '/e/ENGINE/my_lib/CMakeFiles/CMakeTmp']
  ignore line: [Building C object CMakeFiles/cmTC_ff031.dir/CMakeCCompilerABI.c.obj]
  ignore line: [C:/msys64/usr/bin/cc.exe   -v -o CMakeFiles/cmTC_ff031.dir/CMakeCCompilerABI.c.obj -c "C:/Program Files/CMake/share/cmake-3.23/Modules/CMakeCCompilerABI.c"]
  ignore line: [Using built-in specs.]
  ignore line: [COLLECT_GCC=C:/msys64/usr/bin/cc]
  ignore line: [Target: x86_64-pc-msys]
  ignore line: [Configured with: /c/S/B/src/gcc-13.3.0/configure --build=x86_64-pc-msys --prefix=/usr --libexecdir=/usr/lib --enable-bootstrap --enable-static --enable-shared --enable-shared-libgcc --enable-version-specific-runtime-libs --with-arch=nocona --with-tune=generic --disable-multilib --enable-__cxa_atexit --with-dwarf2 --enable-languages=c,c++,lto --enable-graphite --enable-threads=posix --enable-libatomic --enable-libgomp --disable-libitm --enable-libquadmath --enable-libquadmath-support --disable-libssp --disable-win32-registry --disable-symvers --with-gnu-ld --with-gnu-as --disable-isl-version-check --enable-checking=release --without-libiconv-prefix --without-libintl-prefix --with-system-zlib --enable-linker-build-id --enable-libstdcxx-filesystem-ts]
  ignore line: [Thread model: posix]
  ignore line: [Supported LTO compression algorithms: zlib]
  ignore line: [gcc version 13.3.0 (GCC) ]
  ignore line: [COLLECT_GCC_OPTIONS='-v' '-o' 'CMakeFiles/cmTC_ff031.dir/CMakeCCompilerABI.c.obj' '-c' '-mtune=generic' '-march=nocona' '-dumpdir' 'CMakeFiles/cmTC_ff031.dir/']
  ignore line: [ /usr/lib/gcc/x86_64-pc-msys/13.3.0/cc1.exe -quiet -v -idirafter /usr/lib/gcc/x86_64-pc-msys/13.3.0/../../../../include/w32api -idirafter /usr/lib/gcc/x86_64-pc-msys/13.3.0/../../../../x86_64-pc-msys/lib/../../include/w32api C:/Program Files/CMake/share/cmake-3.23/Modules/CMakeCCompilerABI.c -quiet -dumpdir CMakeFiles/cmTC_ff031.dir/ -dumpbase CMakeCCompilerABI.c.c -dumpbase-ext .c -mtune=generic -march=nocona -version -o /c/Users/paulr/AppData/Local/Temp/cc6X2Zed.s]
  ignore line: [GNU C17 (GCC) version 13.3.0 (x86_64-pc-msys)]
  ignore line: [	compiled by GNU C version 13.3.0  GMP version 6.3.0  MPFR version 4.2.1  MPC version 1.3.1  isl version isl-0.27-GMP]
  ignore line: []
  ignore line: [GGC heuristics: --param ggc-min-expand=100 --param ggc-min-heapsize=131072]
  ignore line: [ignoring nonexistent directory "/usr/local/include"]
  ignore line: [ignoring nonexistent directory "/usr/lib/gcc/x86_64-pc-msys/13.3.0/../../../../x86_64-pc-msys/include"]
  ignore line: [ignoring duplicate directory "/usr/lib/gcc/x86_64-pc-msys/13.3.0/../../../../x86_64-pc-msys/lib/../../include/w32api"]
  ignore line: [#include "..." search starts here:]
  ignore line: [#include <...> search starts here:]
  ignore line: [ /usr/lib/gcc/x86_64-pc-msys/13.3.0/include]
  ignore line: [ /usr/lib/gcc/x86_64-pc-msys/13.3.0/include-fixed]
  ignore line: [ /usr/include]
  ignore line: [ /usr/lib/gcc/x86_64-pc-msys/13.3.0/../../../../include/w32api]
  ignore line: [End of search list.]
  ignore line: [Compiler executable checksum: 7e16f06f69d198505a4aebbcee60032e]
  ignore line: [COLLECT_GCC_OPTIONS='-v' '-o' 'CMakeFiles/cmTC_ff031.dir/CMakeCCompilerABI.c.obj' '-c' '-mtune=generic' '-march=nocona' '-dumpdir' 'CMakeFiles/cmTC_ff031.dir/']
  ignore line: [ /usr/lib/gcc/x86_64-pc-msys/13.3.0/../../../../x86_64-pc-msys/bin/as.exe -v -o CMakeFiles/cmTC_ff031.dir/CMakeCCompilerABI.c.obj /c/Users/paulr/AppData/Local/Temp/cc6X2Zed.s]
  ignore line: [GNU assembler version 2.43.1 (x86_64-pc-msys) using BFD version (GNU Binutils) 2.43.1]
  ignore line: [COMPILER_PATH=/usr/lib/gcc/x86_64-pc-msys/13.3.0/:/usr/lib/gcc/x86_64-pc-msys/13.3.0/:/usr/lib/gcc/x86_64-pc-msys/:/usr/lib/gcc/x86_64-pc-msys/13.3.0/:/usr/lib/gcc/x86_64-pc-msys/:/usr/lib/gcc/x86_64-pc-msys/13.3.0/../../../../x86_64-pc-msys/bin/]
  ignore line: [LIBRARY_PATH=/usr/lib/gcc/x86_64-pc-msys/13.3.0/:/usr/lib/gcc/x86_64-pc-msys/13.3.0/../../../../x86_64-pc-msys/lib/:/usr/lib/gcc/x86_64-pc-msys/13.3.0/../../../:/usr/lib/]
  ignore line: [COLLECT_GCC_OPTIONS='-v' '-o' 'CMakeFiles/cmTC_ff031.dir/CMakeCCompilerABI.c.obj' '-c' '-mtune=generic' '-march=nocona' '-dumpdir' 'CMakeFiles/cmTC_ff031.dir/CMakeCCompilerABI.c.']
  ignore line: [Linking C executable cmTC_ff031.exe]
  ignore line: ["C:/Program Files/CMake/bin/cmake.exe" -E rm -f CMakeFiles/cmTC_ff031.dir/objects.a]
  ignore line: [C:/msys64/usr/bin/ar.exe qc CMakeFiles/cmTC_ff031.dir/objects.a @CMakeFiles/cmTC_ff031.dir/objects1.rsp]
  ignore line: [C:/msys64/usr/bin/cc.exe  -v -Wl --whole-archive CMakeFiles/cmTC_ff031.dir/objects.a -Wl --no-whole-archive -o cmTC_ff031.exe -Wl --out-implib libcmTC_ff031.dll.a -Wl --major-image-version 0 --minor-image-version 0 ]
  ignore line: [Using built-in specs.]
  ignore line: [COLLECT_GCC=C:/msys64/usr/bin/cc]
  ignore line: [COLLECT_LTO_WRAPPER=/usr/lib/gcc/x86_64-pc-msys/13.3.0/lto-wrapper.exe]
  ignore line: [Target: x86_64-pc-msys]
  ignore line: [Configured with: /c/S/B/src/gcc-13.3.0/configure --build=x86_64-pc-msys --prefix=/usr --libexecdir=/usr/lib --enable-bootstrap --enable-static --enable-shared --enable-shared-libgcc --enable-version-specific-runtime-libs --with-arch=nocona --with-tune=generic --disable-multilib --enable-__cxa_atexit --with-dwarf2 --enable-languages=c,c++,lto --enable-graphite --enable-threads=posix --enable-libatomic --enable-libgomp --disable-libitm --enable-libquadmath --enable-libquadmath-support --disable-libssp --disable-win32-registry --disable-symvers --with-gnu-ld --with-gnu-as --disable-isl-version-check --enable-checking=release --without-libiconv-prefix --without-libintl-prefix --with-system-zlib --enable-linker-build-id --enable-libstdcxx-filesystem-ts]
  ignore line: [Thread model: posix]
  ignore line: [Supported LTO compression algorithms: zlib]
  ignore line: [gcc version 13.3.0 (GCC) ]
  ignore line: [COMPILER_PATH=/usr/lib/gcc/x86_64-pc-msys/13.3.0/:/usr/lib/gcc/x86_64-pc-msys/13.3.0/:/usr/lib/gcc/x86_64-pc-msys/:/usr/lib/gcc/x86_64-pc-msys/13.3.0/:/usr/lib/gcc/x86_64-pc-msys/:/usr/lib/gcc/x86_64-pc-msys/13.3.0/../../../../x86_64-pc-msys/bin/]
  ignore line: [LIBRARY_PATH=/usr/lib/gcc/x86_64-pc-msys/13.3.0/:/usr/lib/gcc/x86_64-pc-msys/13.3.0/../../../../x86_64-pc-msys/lib/:/usr/lib/gcc/x86_64-pc-msys/13.3.0/../../../:/usr/lib/]
  ignore line: [COLLECT_GCC_OPTIONS='-v' '-o' 'cmTC_ff031.exe' '-mtune=generic' '-march=nocona' '-dumpdir' 'cmTC_ff031.']
  link line: [ /usr/lib/gcc/x86_64-pc-msys/13.3.0/collect2.exe -plugin /usr/lib/gcc/x86_64-pc-msys/13.3.0/msys-lto_plugin.dll -plugin-opt=/usr/lib/gcc/x86_64-pc-msys/13.3.0/lto-wrapper.exe -plugin-opt=-fresolution=/c/Users/paulr/AppData/Local/Temp/ccw2HufY.res -plugin-opt=-pass-through=-lgcc_s -plugin-opt=-pass-through=-lgcc -plugin-opt=-pass-through=-lmsys-2.0 -plugin-opt=-pass-through=-ladvapi32 -plugin-opt=-pass-through=-lshell32 -plugin-opt=-pass-through=-luser32 -plugin-opt=-pass-through=-lkernel32 -plugin-opt=-pass-through=-lgcc_s -plugin-opt=-pass-through=-lgcc --build-id -m i386pep --wrap _Znwm --wrap _Znam --wrap _ZdlPv --wrap _ZdaPv --wrap _ZnwmRKSt9nothrow_t --wrap _ZnamRKSt9nothrow_t --wrap _ZdlPvRKSt9nothrow_t --wrap _ZdaPvRKSt9nothrow_t -Bdynamic --dll-search-prefix=msys- --tsaware -o cmTC_ff031.exe /usr/lib/gcc/x86_64-pc-msys/13.3.0/../../../crt0.o /usr/lib/gcc/x86_64-pc-msys/13.3.0/crtbegin.o -L/usr/lib/gcc/x86_64-pc-msys/13.3.0 -L/usr/lib/gcc/x86_64-pc-msys/13.3.0/../../../../x86_64-pc-msys/lib -L/usr/lib/gcc/x86_64-pc-msys/13.3.0/../../.. --whole-archive CMakeFiles/cmTC_ff031.dir/objects.a --no-whole-archive --out-implib libcmTC_ff031.dll.a --major-image-version 0 --minor-image-version 0 -lgcc_s -lgcc -lmsys-2.0 -ladvapi32 -lshell32 -luser32 -lkernel32 -lgcc_s -lgcc /usr/lib/gcc/x86_64-pc-msys/13.3.0/../../../default-manifest.o /usr/lib/gcc/x86_64-pc-msys/13.3.0/crtend.o]
    arg [/usr/lib/gcc/x86_64-pc-msys/13.3.0/collect2.exe] ==> ignore
    arg [-plugin] ==> ignore
    arg [/usr/lib/gcc/x86_64-pc-msys/13.3.0/msys-lto_plugin.dll] ==> ignore
    arg [-plugin-opt=/usr/lib/gcc/x86_64-pc-msys/13.3.0/lto-wrapper.exe] ==> ignore
    arg [-plugin-opt=-fresolution=/c/Users/paulr/AppData/Local/Temp/ccw2HufY.res] ==> ignore
    arg [-plugin-opt=-pass-through=-lgcc_s] ==> ignore
    arg [-plugin-opt=-pass-through=-lgcc] ==> ignore
    arg [-plugin-opt=-pass-through=-lmsys-2.0] ==> ignore
    arg [-plugin-opt=-pass-through=-ladvapi32] ==> ignore
    arg [-plugin-opt=-pass-through=-lshell32] ==> ignore
    arg [-plugin-opt=-pass-through=-luser32] ==> ignore
    arg [-plugin-opt=-pass-through=-lkernel32] ==> ignore
    arg [-plugin-opt=-pass-through=-lgcc_s] ==> ignore
    arg [-plugin-opt=-pass-through=-lgcc] ==> ignore
    arg [--build-id] ==> ignore
    arg [-m] ==> ignore
    arg [i386pep] ==> ignore
    arg [--wrap] ==> ignore
    arg [_Znwm] ==> ignore
    arg [--wrap] ==> ignore
    arg [_Znam] ==> ignore
    arg [--wrap] ==> ignore
    arg [_ZdlPv] ==> ignore
    arg [--wrap] ==> ignore
    arg [_ZdaPv] ==> ignore
    arg [--wrap] ==> ignore
    arg [_ZnwmRKSt9nothrow_t] ==> ignore
    arg [--wrap] ==> ignore
    arg [_ZnamRKSt9nothrow_t] ==> ignore
    arg [--wrap] ==> ignore
    arg [_ZdlPvRKSt9nothrow_t] ==> ignore
    arg [--wrap] ==> ignore
    arg [_ZdaPvRKSt9nothrow_t] ==> ignore
    arg [-Bdynamic] ==> search dynamic
    arg [--dll-search-prefix=msys-] ==> ignore
    arg [--tsaware] ==> ignore
    arg [-o] ==> ignore
    arg [cmTC_ff031.exe] ==> ignore
    arg [/usr/lib/gcc/x86_64-pc-msys/13.3.0/../../../crt0.o] ==> obj [/usr/lib/gcc/x86_64-pc-msys/13.3.0/../../../crt0.o]
    arg [/usr/lib/gcc/x86_64-pc-msys/13.3.0/crtbegin.o] ==> obj [/usr/lib/gcc/x86_64-pc-msys/13.3.0/crtbegin.o]
    arg [-L/usr/lib/gcc/x86_64-pc-msys/13.3.0] ==> dir [/usr/lib/gcc/x86_64-pc-msys/13.3.0]
    arg [-L/usr/lib/gcc/x86_64-pc-msys/13.3.0/../../../../x86_64-pc-msys/lib] ==> dir [/usr/lib/gcc/x86_64-pc-msys/13.3.0/../../../../x86_64-pc-msys/lib]
    arg [-L/usr/lib/gcc/x86_64-pc-msys/13.3.0/../../..] ==> dir [/usr/lib/gcc/x86_64-pc-msys/13.3.0/../../..]
    arg [--whole-archive] ==> ignore
    arg [CMakeFiles/cmTC_ff031.dir/objects.a] ==> ignore
    arg [--no-whole-archive] ==> ignore
    arg [--out-implib] ==> ignore
    arg [libcmTC_ff031.dll.a] ==> ignore
    arg [--major-image-version] ==> ignore
    arg [0] ==> ignore
    arg [--minor-image-version] ==> ignore
    arg [0] ==> ignore
    arg [-lgcc_s] ==> lib [gcc_s]
    arg [-lgcc] ==> lib [gcc]
    arg [-lmsys-2.0] ==> lib [msys-2.0]
    arg [-ladvapi32] ==> lib [advapi32]
    arg [-lshell32] ==> lib [shell32]
    arg [-luser32] ==> lib [user32]
    arg [-lkernel32] ==> lib [kernel32]
    arg [-lgcc_s] ==> lib [gcc_s]
    arg [-lgcc] ==> lib [gcc]
    arg [/usr/lib/gcc/x86_64-pc-msys/13.3.0/../../../default-manifest.o] ==> obj [/usr/lib/gcc/x86_64-pc-msys/13.3.0/../../../default-manifest.o]
    arg [/usr/lib/gcc/x86_64-pc-msys/13.3.0/crtend.o] ==> obj [/usr/lib/gcc/x86_64-pc-msys/13.3.0/crtend.o]
  collapse obj [/usr/lib/gcc/x86_64-pc-msys/13.3.0/../../../crt0.o] ==> [/usr/lib/crt0.o]
  collapse obj [/usr/lib/gcc/x86_64-pc-msys/13.3.0/../../../default-manifest.o] ==> [/usr/lib/default-manifest.o]
  collapse library dir [/usr/lib/gcc/x86_64-pc-msys/13.3.0] ==> [/usr/lib/gcc/x86_64-pc-msys/13.3.0]
  collapse library dir [/usr/lib/gcc/x86_64-pc-msys/13.3.0/../../../../x86_64-pc-msys/lib] ==> [/usr/x86_64-pc-msys/lib]
  collapse library dir [/usr/lib/gcc/x86_64-pc-msys/13.3.0/../../..] ==> [/usr/lib]
  implicit libs: [gcc_s;gcc;msys-2.0;advapi32;shell32;user32;kernel32;gcc_s;gcc]
  implicit objs: [/usr/lib/crt0.o;/usr/lib/gcc/x86_64-pc-msys/13.3.0/crtbegin.o;/usr/lib/default-manifest.o;/usr/lib/gcc/x86_64-pc-msys/13.3.0/crtend.o]
  implicit dirs: [/usr/lib/gcc/x86_64-pc-msys/13.3.0;/usr/x86_64-pc-msys/lib;/usr/lib]
  implicit fwks: []


Detecting CXX compiler ABI info compiled with the following output:
Change Dir: E:/ENGINE/my_lib/CMakeFiles/CMakeTmp

Run Build Command(s):C:/msys64/usr/bin/make.exe -f Makefile cmTC_fc168/fast && /usr/bin/make  -f CMakeFiles/cmTC_fc168.dir/build.make CMakeFiles/cmTC_fc168.dir/build
make[1]: Entering directory '/e/ENGINE/my_lib/CMakeFiles/CMakeTmp'
Building CXX object CMakeFiles/cmTC_fc168.dir/CMakeCXXCompilerABI.cpp.obj
C:/msys64/usr/bin/c++.exe   -v -o CMakeFiles/cmTC_fc168.dir/CMakeCXXCompilerABI.cpp.obj -c "C:/Program Files/CMake/share/cmake-3.23/Modules/CMakeCXXCompilerABI.cpp"
Using built-in specs.
COLLECT_GCC=C:/msys64/usr/bin/c++
Target: x86_64-pc-msys
Configured with: /c/S/B/src/gcc-13.3.0/configure --build=x86_64-pc-msys --prefix=/usr --libexecdir=/usr/lib --enable-bootstrap --enable-static --enable-shared --enable-shared-libgcc --enable-version-specific-runtime-libs --with-arch=nocona --with-tune=generic --disable-multilib --enable-__cxa_atexit --with-dwarf2 --enable-languages=c,c++,lto --enable-graphite --enable-threads=posix --enable-libatomic --enable-libgomp --disable-libitm --enable-libquadmath --enable-libquadmath-support --disable-libssp --disable-win32-registry --disable-symvers --with-gnu-ld --with-gnu-as --disable-isl-version-check --enable-checking=release --without-libiconv-prefix --without-libintl-prefix --with-system-zlib --enable-linker-build-id --enable-libstdcxx-filesystem-ts
Thread model: posix
Supported LTO compression algorithms: zlib
gcc version 13.3.0 (GCC) 
COLLECT_GCC_OPTIONS='-v' '-o' 'CMakeFiles/cmTC_fc168.dir/CMakeCXXCompilerABI.cpp.obj' '-c' '-shared-libgcc' '-mtune=generic' '-march=nocona' '-dumpdir' 'CMakeFiles/cmTC_fc168.dir/'
 /usr/lib/gcc/x86_64-pc-msys/13.3.0/cc1plus.exe -quiet -v -idirafter /usr/lib/gcc/x86_64-pc-msys/13.3.0/../../../../include/w32api -idirafter /usr/lib/gcc/x86_64-pc-msys/13.3.0/../../../../x86_64-pc-msys/lib/../../include/w32api C:/Program Files/CMake/share/cmake-3.23/Modules/CMakeCXXCompilerABI.cpp -quiet -dumpdir CMakeFiles/cmTC_fc168.dir/ -dumpbase CMakeCXXCompilerABI.cpp.cpp -dumpbase-ext .cpp -mtune=generic -march=nocona -version -o /c/Users/paulr/AppData/Local/Temp/ccq44DXX.s
GNU C++17 (GCC) version 13.3.0 (x86_64-pc-msys)
	compiled by GNU C version 13.3.0, GMP version 6.3.0, MPFR version 4.2.1, MPC version 1.3.1, isl version isl-0.27-GMP

GGC heuristics: --param ggc-min-expand=100 --param ggc-min-heapsize=131072
ignoring nonexistent directory "/usr/local/include"
ignoring nonexistent directory "/usr/lib/gcc/x86_64-pc-msys/13.3.0/../../../../x86_64-pc-msys/include"
ignoring duplicate directory "/usr/lib/gcc/x86_64-pc-msys/13.3.0/../../../../x86_64-pc-msys/lib/../../include/w32api"
#include "..." search starts here:
#include <...> search starts here:
 /usr/lib/gcc/x86_64-pc-msys/13.3.0/include/c++
 /usr/lib/gcc/x86_64-pc-msys/13.3.0/include/c++/x86_64-pc-msys
 /usr/lib/gcc/x86_64-pc-msys/13.3.0/include/c++/backward
 /usr/lib/gcc/x86_64-pc-msys/13.3.0/include
 /usr/lib/gcc/x86_64-pc-msys/13.3.0/include-fixed
 /usr/include
 /usr/lib/gcc/x86_64-pc-msys/13.3.0/../../../../include/w32api
End of search list.
Compiler executable checksum: 93cf7bf6317c250774ae586f79c82ae8
COLLECT_GCC_OPTIONS='-v' '-o' 'CMakeFiles/cmTC_fc168.dir/CMakeCXXCompilerABI.cpp.obj' '-c' '-shared-libgcc' '-mtune=generic' '-march=nocona' '-dumpdir' 'CMakeFiles/cmTC_fc168.dir/'
 /usr/lib/gcc/x86_64-pc-msys/13.3.0/../../../../x86_64-pc-msys/bin/as.exe -v -o CMakeFiles/cmTC_fc168.dir/CMakeCXXCompilerABI.cpp.obj /c/Users/paulr/AppData/Local/Temp/ccq44DXX.s
GNU assembler version 2.43.1 (x86_64-pc-msys) using BFD version (GNU Binutils) 2.43.1
COMPILER_PATH=/usr/lib/gcc/x86_64-pc-msys/13.3.0/:/usr/lib/gcc/x86_64-pc-msys/13.3.0/:/usr/lib/gcc/x86_64-pc-msys/:/usr/lib/gcc/x86_64-pc-msys/13.3.0/:/usr/lib/gcc/x86_64-pc-msys/:/usr/lib/gcc/x86_64-pc-msys/13.3.0/../../../../x86_64-pc-msys/bin/
LIBRARY_PATH=/usr/lib/gcc/x86_64-pc-msys/13.3.0/:/usr/lib/gcc/x86_64-pc-msys/13.3.0/../../../../x86_64-pc-msys/lib/:/usr/lib/gcc/x86_64-pc-msys/13.3.0/../../../:/usr/lib/
COLLECT_GCC_OPTIONS='-v' '-o' 'CMakeFiles/cmTC_fc168.dir/CMakeCXXCompilerABI.cpp.obj' '-c' '-shared-libgcc' '-mtune=generic' '-march=nocona' '-dumpdir' 'CMakeFiles/cmTC_fc168.dir/CMakeCXXCompilerABI.cpp.'
Linking CXX executable cmTC_fc168.exe
"C:/Program Files/CMake/bin/cmake.exe" -E rm -f CMakeFiles/cmTC_fc168.dir/objects.a
C:/msys64/usr/bin/ar.exe qc CMakeFiles/cmTC_fc168.dir/objects.a @CMakeFiles/cmTC_fc168.dir/objects1.rsp
C:/msys64/usr/bin/c++.exe  -v -Wl,--whole-archive CMakeFiles/cmTC_fc168.dir/objects.a -Wl,--no-whole-archive -o cmTC_fc168.exe -Wl,--out-implib,libcmTC_fc168.dll.a -Wl,--major-image-version,0,--minor-image-version,0 
Using built-in specs.
COLLECT_GCC=C:/msys64/usr/bin/c++
COLLECT_LTO_WRAPPER=/usr/lib/gcc/x86_64-pc-msys/13.3.0/lto-wrapper.exe
Target: x86_64-pc-msys
Configured with: /c/S/B/src/gcc-13.3.0/configure --build=x86_64-pc-msys --prefix=/usr --libexecdir=/usr/lib --enable-bootstrap --enable-static --enable-shared --enable-shared-libgcc --enable-version-specific-runtime-libs --with-arch=nocona --with-tune=generic --disable-multilib --enable-__cxa_atexit --with-dwarf2 --enable-languages=c,c++,lto --enable-graphite --enable-threads=posix --enable-libatomic --enable-libgomp --disable-libitm --enable-libquadmath --enable-libquadmath-support --disable-libssp --disable-win32-registry --disable-symvers --with-gnu-ld --with-gnu-as --disable-isl-version-check --enable-checking=release --without-libiconv-prefix --without-libintl-prefix --with-system-zlib --enable-linker-build-id --enable-libstdcxx-filesystem-ts
Thread model: posix
Supported LTO compression algorithms: zlib
gcc version 13.3.0 (GCC) 
COMPILER_PATH=/usr/lib/gcc/x86_64-pc-msys/13.3.0/:/usr/lib/gcc/x86_64-pc-msys/13.3.0/:/usr/lib/gcc/x86_64-pc-msys/:/usr/lib/gcc/x86_64-pc-msys/13.3.0/:/usr/lib/gcc/x86_64-pc-msys/:/usr/lib/gcc/x86_64-pc-msys/13.3.0/../../../../x86_64-pc-msys/bin/
LIBRARY_PATH=/usr/lib/gcc/x86_64-pc-msys/13.3.0/:/usr/lib/gcc/x86_64-pc-msys/13.3.0/../../../../x86_64-pc-msys/lib/:/usr/lib/gcc/x86_64-pc-msys/13.3.0/../../../:/usr/lib/
COLLECT_GCC_OPTIONS='-v' '-o' 'cmTC_fc168.exe' '-shared-libgcc' '-mtune=generic' '-march=nocona' '-dumpdir' 'cmTC_fc168.'
 /usr/lib/gcc/x86_64-pc-msys/13.3.0/collect2.exe -plugin /usr/lib/gcc/x86_64-pc-msys/13.3.0/msys-lto_plugin.dll -plugin-opt=/usr/lib/gcc/x86_64-pc-msys/13.3.0/lto-wrapper.exe -plugin-opt=-fresolution=/c/Users/paulr/AppData/Local/Temp/cc8YI3Eh.res -plugin-opt=-pass-through=-lgcc_s -plugin-opt=-pass-through=-lgcc -plugin-opt=-pass-through=-lmsys-2.0 -plugin-opt=-pass-through=-ladvapi32 -plugin-opt=-pass-through=-lshell32 -plugin-opt=-pass-through=-luser32 -plugin-opt=-pass-through=-lkernel32 -plugin-opt=-pass-through=-lgcc_s -plugin-opt=-pass-through=-lgcc --build-id -m i386pep --wrap _Znwm --wrap _Znam --wrap _ZdlPv --wrap _ZdaPv --wrap _ZnwmRKSt9nothrow_t --wrap _ZnamRKSt9nothrow_t --wrap _ZdlPvRKSt9nothrow_t --wrap _ZdaPvRKSt9nothrow_t -Bdynamic --dll-search-prefix=msys- --tsaware -o cmTC_fc168.exe /usr/lib/gcc/x86_64-pc-msys/13.3.0/../../../crt0.o /usr/lib/gcc/x86_64-pc-msys/13.3.0/crtbegin.o -L/usr/lib/gcc/x86_64-pc-msys/13.3.0 -L/usr/lib/gcc/x86_64-pc-msys/13.3.0/../../../../x86_64-pc-msys/lib -L/usr/lib/gcc/x86_64-pc-msys/13.3.0/../../.. --whole-archive CMakeFiles/cmTC_fc168.dir/objects.a --no-whole-archive --out-implib libcmTC_fc168.dll.a --major-image-version 0 --minor-image-version 0 -lstdc++ -lgcc_s -lgcc -lmsys-2.0 -ladvapi32 -lshell32 -luser32 -lkernel32 -lgcc_s -lgcc /usr/lib/gcc/x86_64-pc-msys/13.3.0/../../../default-manifest.o /usr/lib/gcc/x86_64-pc-msys/13.3.0/crtend.o
COLLECT_GCC_OPTIONS='-v' '-o' 'cmTC_fc168.exe' '-shared-libgcc' '-mtune=generic' '-march=nocona' '-dumpdir' 'cmTC_fc168.'
make[1]: Leaving directory '/e/ENGINE/my_lib/CMakeFiles/CMakeTmp'



Parsed CXX implicit include dir info from above output: rv=done
  found start of include info
  found start of implicit include info
    add: [/usr/lib/gcc/x86_64-pc-msys/13.3.0/include/c++]
    add: [/usr/lib/gcc/x86_64-pc-msys/13.3.0/include/c++/x86_64-pc-msys]
    add: [/usr/lib/gcc/x86_64-pc-msys/13.3.0/include/c++/backward]
    add: [/usr/lib/gcc/x86_64-pc-msys/13.3.0/include]
    add: [/usr/lib/gcc/x86_64-pc-msys/13.3.0/include-fixed]
    add: [/usr/include]
    add: [/usr/lib/gcc/x86_64-pc-msys/13.3.0/../../../../include/w32api]
  end of search list found
  collapse include dir [/usr/lib/gcc/x86_64-pc-msys/13.3.0/include/c++] ==> [/usr/lib/gcc/x86_64-pc-msys/13.3.0/include/c++]
  collapse include dir [/usr/lib/gcc/x86_64-pc-msys/13.3.0/include/c++/x86_64-pc-msys] ==> [/usr/lib/gcc/x86_64-pc-msys/13.3.0/include/c++/x86_64-pc-msys]
  collapse include dir [/usr/lib/gcc/x86_64-pc-msys/13.3.0/include/c++/backward] ==> [/usr/lib/gcc/x86_64-pc-msys/13.3.0/include/c++/backward]
  collapse include dir [/usr/lib/gcc/x86_64-pc-msys/13.3.0/include] ==> [/usr/lib/gcc/x86_64-pc-msys/13.3.0/include]
  collapse include dir [/usr/lib/gcc/x86_64-pc-msys/13.3.0/include-fixed] ==> [/usr/lib/gcc/x86_64-pc-msys/13.3.0/include-fixed]
  collapse include dir [/usr/include] ==> [/usr/include]
  collapse include dir [/usr/lib/gcc/x86_64-pc-msys/13.3.0/../../../../include/w32api] ==> [/usr/include/w32api]
  implicit include dirs: [/usr/lib/gcc/x86_64-pc-msys/13.3.0/include/c++;/usr/lib/gcc/x86_64-pc-msys/13.3.0/include/c++/x86_64-pc-msys;/usr/lib/gcc/x86_64-pc-msys/13.3.0/include/c++/backward;/usr/lib/gcc/x86_64-pc-msys/13.3.0/include;/usr/lib/gcc/x86_64-pc-msys/13.3.0/include-fixed;/usr/include;/usr/include/w32api]


Parsed CXX implicit link information from above output:
  link line regex: [^( *|.*[/\])(ld\.exe|CMAKE_LINK_STARTFILE-NOTFOUND|([^/\]+-)?ld|collect2)[^/\]*( |$)]
  ignore line: [Change Dir: E:/ENGINE/my_lib/CMakeFiles/CMakeTmp]
  ignore line: []
  ignore line: [Run Build Command(s):C:/msys64/usr/bin/make.exe -f Makefile cmTC_fc168/fast && /usr/bin/make  -f CMakeFiles/cmTC_fc168.dir/build.make CMakeFiles/cmTC_fc168.dir/build]
  ignore line: [make[1]: Entering directory '/e/ENGINE/my_lib/CMakeFiles/CMakeTmp']
  ignore line: [Building CXX object CMakeFiles/cmTC_fc168.dir/CMakeCXXCompilerABI.cpp.obj]
  ignore line: [C:/msys64/usr/bin/c++.exe   -v -o CMakeFiles/cmTC_fc168.dir/CMakeCXXCompilerABI.cpp.obj -c "C:/Program Files/CMake/share/cmake-3.23/Modules/CMakeCXXCompilerABI.cpp"]
  ignore line: [Using built-in specs.]
  ignore line: [COLLECT_GCC=C:/msys64/usr/bin/c++]
  ignore line: [Target: x86_64-pc-msys]
  ignore line: [Configured with: /c/S/B/src/gcc-13.3.0/configure --build=x86_64-pc-msys --prefix=/usr --libexecdir=/usr/lib --enable-bootstrap --enable-static --enable-shared --enable-shared-libgcc --enable-version-specific-runtime-libs --with-arch=nocona --with-tune=generic --disable-multilib --enable-__cxa_atexit --with-dwarf2 --enable-languages=c,c++,lto --enable-graphite --enable-threads=posix --enable-libatomic --enable-libgomp --disable-libitm --enable-libquadmath --enable-libquadmath-support --disable-libssp --disable-win32-registry --disable-symvers --with-gnu-ld --with-gnu-as --disable-isl-version-check --enable-checking=release --without-libiconv-prefix --without-libintl-prefix --with-system-zlib --enable-linker-build-id --enable-libstdcxx-filesystem-ts]
  ignore line: [Thread model: posix]
  ignore line: [Supported LTO compression algorithms: zlib]
  ignore line: [gcc version 13.3.0 (GCC) ]
  ignore line: [COLLECT_GCC_OPTIONS='-v' '-o' 'CMakeFiles/cmTC_fc168.dir/CMakeCXXCompilerABI.cpp.obj' '-c' '-shared-libgcc' '-mtune=generic' '-march=nocona' '-dumpdir' 'CMakeFiles/cmTC_fc168.dir/']
  ignore line: [ /usr/lib/gcc/x86_64-pc-msys/13.3.0/cc1plus.exe -quiet -v -idirafter /usr/lib/gcc/x86_64-pc-msys/13.3.0/../../../../include/w32api -idirafter /usr/lib/gcc/x86_64-pc-msys/13.3.0/../../../../x86_64-pc-msys/lib/../../include/w32api C:/Program Files/CMake/share/cmake-3.23/Modules/CMakeCXXCompilerABI.cpp -quiet -dumpdir CMakeFiles/cmTC_fc168.dir/ -dumpbase CMakeCXXCompilerABI.cpp.cpp -dumpbase-ext .cpp -mtune=generic -march=nocona -version -o /c/Users/paulr/AppData/Local/Temp/ccq44DXX.s]
  ignore line: [GNU C++17 (GCC) version 13.3.0 (x86_64-pc-msys)]
  ignore line: [	compiled by GNU C version 13.3.0  GMP version 6.3.0  MPFR version 4.2.1  MPC version 1.3.1  isl version isl-0.27-GMP]
  ignore line: []
  ignore line: [GGC heuristics: --param ggc-min-expand=100 --param ggc-min-heapsize=131072]
  ignore line: [ignoring nonexistent directory "/usr/local/include"]
  ignore line: [ignoring nonexistent directory "/usr/lib/gcc/x86_64-pc-msys/13.3.0/../../../../x86_64-pc-msys/include"]
  ignore line: [ignoring duplicate directory "/usr/lib/gcc/x86_64-pc-msys/13.3.0/../../../../x86_64-pc-msys/lib/../../include/w32api"]
  ignore line: [#include "..." search starts here:]
  ignore line: [#include <...> search starts here:]
  ignore line: [ /usr/lib/gcc/x86_64-pc-msys/13.3.0/include/c++]
  ignore line: [ /usr/lib/gcc/x86_64-pc-msys/13.3.0/include/c++/x86_64-pc-msys]
  ignore line: [ /usr/lib/gcc/x86_64-pc-msys/13.3.0/include/c++/backward]
  ignore line: [ /usr/lib/gcc/x86_64-pc-msys/13.3.0/include]
  ignore line: [ /usr/lib/gcc/x86_64-pc-msys/13.3.0/include-fixed]
  ignore line: [ /usr/include]
  ignore line: [ /usr/lib/gcc/x86_64-pc-msys/13.3.0/../../../../include/w32api]
  ignore line: [End of search list.]
  ignore line: [Compiler executable checksum: 93cf7bf6317c250774ae586f79c82ae8]
  ignore line: [COLLECT_GCC_OPTIONS='-v' '-o' 'CMakeFiles/cmTC_fc168.dir/CMakeCXXCompilerABI.cpp.obj' '-c' '-shared-libgcc' '-mtune=generic' '-march=nocona' '-dumpdir' 'CMakeFiles/cmTC_fc168.dir/']
  ignore line: [ /usr/lib/gcc/x86_64-pc-msys/13.3.0/../../../../x86_64-pc-msys/bin/as.exe -v -o CMakeFiles/cmTC_fc168.dir/CMakeCXXCompilerABI.cpp.obj /c/Users/paulr/AppData/Local/Temp/ccq44DXX.s]
  ignore line: [GNU assembler version 2.43.1 (x86_64-pc-msys) using BFD version (GNU Binutils) 2.43.1]
  ignore line: [COMPILER_PATH=/usr/lib/gcc/x86_64-pc-msys/13.3.0/:/usr/lib/gcc/x86_64-pc-msys/13.3.0/:/usr/lib/gcc/x86_64-pc-msys/:/usr/lib/gcc/x86_64-pc-msys/13.3.0/:/usr/lib/gcc/x86_64-pc-msys/:/usr/lib/gcc/x86_64-pc-msys/13.3.0/../../../../x86_64-pc-msys/bin/]
  ignore line: [LIBRARY_PATH=/usr/lib/gcc/x86_64-pc-msys/13.3.0/:/usr/lib/gcc/x86_64-pc-msys/13.3.0/../../../../x86_64-pc-msys/lib/:/usr/lib/gcc/x86_64-pc-msys/13.3.0/../../../:/usr/lib/]
  ignore line: [COLLECT_GCC_OPTIONS='-v' '-o' 'CMakeFiles/cmTC_fc168.dir/CMakeCXXCompilerABI.cpp.obj' '-c' '-shared-libgcc' '-mtune=generic' '-march=nocona' '-dumpdir' 'CMakeFiles/cmTC_fc168.dir/CMakeCXXCompilerABI.cpp.']
  ignore line: [Linking CXX executable cmTC_fc168.exe]
  ignore line: ["C:/Program Files/CMake/bin/cmake.exe" -E rm -f CMakeFiles/cmTC_fc168.dir/objects.a]
  ignore line: [C:/msys64/usr/bin/ar.exe qc CMakeFiles/cmTC_fc168.dir/objects.a @CMakeFiles/cmTC_fc168.dir/objects1.rsp]
  ignore line: [C:/msys64/usr/bin/c++.exe  -v -Wl --whole-archive CMakeFiles/cmTC_fc168.dir/objects.a -Wl --no-whole-archive -o cmTC_fc168.exe -Wl --out-implib libcmTC_fc168.dll.a -Wl --major-image-version 0 --minor-image-version 0 ]
  ignore line: [Using built-in specs.]
  ignore line: [COLLECT_GCC=C:/msys64/usr/bin/c++]
  ignore line: [COLLECT_LTO_WRAPPER=/usr/lib/gcc/x86_64-pc-msys/13.3.0/lto-wrapper.exe]
  ignore line: [Target: x86_64-pc-msys]
  ignore line: [Configured with: /c/S/B/src/gcc-13.3.0/configure --build=x86_64-pc-msys --prefix=/usr --libexecdir=/usr/lib --enable-bootstrap --enable-static --enable-shared --enable-shared-libgcc --enable-version-specific-runtime-libs --with-arch=nocona --with-tune=generic --disable-multilib --enable-__cxa_atexit --with-dwarf2 --enable-languages=c,c++,lto --enable-graphite --enable-threads=posix --enable-libatomic --enable-libgomp --disable-libitm --enable-libquadmath --enable-libquadmath-support --disable-libssp --disable-win32-registry --disable-symvers --with-gnu-ld --with-gnu-as --disable-isl-version-check --enable-checking=release --without-libiconv-prefix --without-libintl-prefix --with-system-zlib --enable-linker-build-id --enable-libstdcxx-filesystem-ts]
  ignore line: [Thread model: posix]
  ignore line: [Supported LTO compression algorithms: zlib]
  ignore line: [gcc version 13.3.0 (GCC) ]
  ignore line: [COMPILER_PATH=/usr/lib/gcc/x86_64-pc-msys/13.3.0/:/usr/lib/gcc/x86_64-pc-msys/13.3.0/:/usr/lib/gcc/x86_64-pc-msys/:/usr/lib/gcc/x86_64-pc-msys/13.3.0/:/usr/lib/gcc/x86_64-pc-msys/:/usr/lib/gcc/x86_64-pc-msys/13.3.0/../../../../x86_64-pc-msys/bin/]
  ignore line: [LIBRARY_PATH=/usr/lib/gcc/x86_64-pc-msys/13.3.0/:/usr/lib/gcc/x86_64-pc-msys/13.3.0/../../../../x86_64-pc-msys/lib/:/usr/lib/gcc/x86_64-pc-msys/13.3.0/../../../:/usr/lib/]
  ignore line: [COLLECT_GCC_OPTIONS='-v' '-o' 'cmTC_fc168.exe' '-shared-libgcc' '-mtune=generic' '-march=nocona' '-dumpdir' 'cmTC_fc168.']
  link line: [ /usr/lib/gcc/x86_64-pc-msys/13.3.0/collect2.exe -plugin /usr/lib/gcc/x86_64-pc-msys/13.3.0/msys-lto_plugin.dll -plugin-opt=/usr/lib/gcc/x86_64-pc-msys/13.3.0/lto-wrapper.exe -plugin-opt=-fresolution=/c/Users/paulr/AppData/Local/Temp/cc8YI3Eh.res -plugin-opt=-pass-through=-lgcc_s -plugin-opt=-pass-through=-lgcc -plugin-opt=-pass-through=-lmsys-2.0 -plugin-opt=-pass-through=-ladvapi32 -plugin-opt=-pass-through=-lshell32 -plugin-opt=-pass-through=-luser32 -plugin-opt=-pass-through=-lkernel32 -plugin-opt=-pass-through=-lgcc_s -plugin-opt=-pass-through=-lgcc --build-id -m i386pep --wrap _Znwm --wrap _Znam --wrap _ZdlPv --wrap _ZdaPv --wrap _ZnwmRKSt9nothrow_t --wrap _ZnamRKSt9nothrow_t --wrap _ZdlPvRKSt9nothrow_t --wrap _ZdaPvRKSt9nothrow_t -Bdynamic --dll-search-prefix=msys- --tsaware -o cmTC_fc168.exe /usr/lib/gcc/x86_64-pc-msys/13.3.0/../../../crt0.o /usr/lib/gcc/x86_64-pc-msys/13.3.0/crtbegin.o -L/usr/lib/gcc/x86_64-pc-msys/13.3.0 -L/usr/lib/gcc/x86_64-pc-msys/13.3.0/../../../../x86_64-pc-msys/lib -L/usr/lib/gcc/x86_64-pc-msys/13.3.0/../../.. --whole-archive CMakeFiles/cmTC_fc168.dir/objects.a --no-whole-archive --out-implib libcmTC_fc168.dll.a --major-image-version 0 --minor-image-version 0 -lstdc++ -lgcc_s -lgcc -lmsys-2.0 -ladvapi32 -lshell32 -luser32 -lkernel32 -lgcc_s -lgcc /usr/lib/gcc/x86_64-pc-msys/13.3.0/../../../default-manifest.o /usr/lib/gcc/x86_64-pc-msys/13.3.0/crtend.o]
    arg [/usr/lib/gcc/x86_64-pc-msys/13.3.0/collect2.exe] ==> ignore
    arg [-plugin] ==> ignore
    arg [/usr/lib/gcc/x86_64-pc-msys/13.3.0/msys-lto_plugin.dll] ==> ignore
    arg [-plugin-opt=/usr/lib/gcc/x86_64-pc-msys/13.3.0/lto-wrapper.exe] ==> ignore
    arg [-plugin-opt=-fresolution=/c/Users/paulr/AppData/Local/Temp/cc8YI3Eh.res] ==> ignore
    arg [-plugin-opt=-pass-through=-lgcc_s] ==> ignore
    arg [-plugin-opt=-pass-through=-lgcc] ==> ignore
    arg [-plugin-opt=-pass-through=-lmsys-2.0] ==> ignore
    arg [-plugin-opt=-pass-through=-ladvapi32] ==> ignore
    arg [-plugin-opt=-pass-through=-lshell32] ==> ignore
    arg [-plugin-opt=-pass-through=-luser32] ==> ignore
    arg [-plugin-opt=-pass-through=-lkernel32] ==> ignore
    arg [-plugin-opt=-pass-through=-lgcc_s] ==> ignore
    arg [-plugin-opt=-pass-through=-lgcc] ==> ignore
    arg [--build-id] ==> ignore
    arg [-m] ==> ignore
    arg [i386pep] ==> ignore
    arg [--wrap] ==> ignore
    arg [_Znwm] ==> ignore
    arg [--wrap] ==> ignore
    arg [_Znam] ==> ignore
    arg [--wrap] ==> ignore
    arg [_ZdlPv] ==> ignore
    arg [--wrap] ==> ignore
    arg [_ZdaPv] ==> ignore
    arg [--wrap] ==> ignore
    arg [_ZnwmRKSt9nothrow_t] ==> ignore
    arg [--wrap] ==> ignore
    arg [_ZnamRKSt9nothrow_t] ==> ignore
    arg [--wrap] ==> ignore
    arg [_ZdlPvRKSt9nothrow_t] ==> ignore
    arg [--wrap] ==> ignore
    arg [_ZdaPvRKSt9nothrow_t] ==> ignore
    arg [-Bdynamic] ==> search dynamic
    arg [--dll-search-prefix=msys-] ==> ignore
    arg [--tsaware] ==> ignore
    arg [-o] ==> ignore
    arg [cmTC_fc168.exe] ==> ignore
    arg [/usr/lib/gcc/x86_64-pc-msys/13.3.0/../../../crt0.o] ==> obj [/usr/lib/gcc/x86_64-pc-msys/13.3.0/../../../crt0.o]
    arg [/usr/lib/gcc/x86_64-pc-msys/13.3.0/crtbegin.o] ==> obj [/usr/lib/gcc/x86_64-pc-msys/13.3.0/crtbegin.o]
    arg [-L/usr/lib/gcc/x86_64-pc-msys/13.3.0] ==> dir [/usr/lib/gcc/x86_64-pc-msys/13.3.0]
    arg [-L/usr/lib/gcc/x86_64-pc-msys/13.3.0/../../../../x86_64-pc-msys/lib] ==> dir [/usr/lib/gcc/x86_64-pc-msys/13.3.0/../../../../x86_64-pc-msys/lib]
    arg [-L/usr/lib/gcc/x86_64-pc-msys/13.3.0/../../..] ==> dir [/usr/lib/gcc/x86_64-pc-msys/13.3.0/../../..]
    arg [--whole-archive] ==> ignore
    arg [CMakeFiles/cmTC_fc168.dir/objects.a] ==> ignore
    arg [--no-whole-archive] ==> ignore
    arg [--out-implib] ==> ignore
    arg [libcmTC_fc168.dll.a] ==> ignore
    arg [--major-image-version] ==> ignore
    arg [0] ==> ignore
    arg [--minor-image-version] ==> ignore
    arg [0] ==> ignore
    arg [-lstdc++] ==> lib [stdc++]
    arg [-lgcc_s] ==> lib [gcc_s]
    arg [-lgcc] ==> lib [gcc]
    arg [-lmsys-2.0] ==> lib [msys-2.0]
    arg [-ladvapi32] ==> lib [advapi32]
    arg [-lshell32] ==> lib [shell32]
    arg [-luser32] ==> lib [user32]
    arg [-lkernel32] ==> lib [kernel32]
    arg [-lgcc_s] ==> lib [gcc_s]
    arg [-lgcc] ==> lib [gcc]
    arg [/usr/lib/gcc/x86_64-pc-msys/13.3.0/../../../default-manifest.o] ==> obj [/usr/lib/gcc/x86_64-pc-msys/13.3.0/../../../default-manifest.o]
    arg [/usr/lib/gcc/x86_64-pc-msys/13.3.0/crtend.o] ==> obj [/usr/lib/gcc/x86_64-pc-msys/13.3.0/crtend.o]
  collapse obj [/usr/lib/gcc/x86_64-pc-msys/13.3.0/../../../crt0.o] ==> [/usr/lib/crt0.o]
  collapse obj [/usr/lib/gcc/x86_64-pc-msys/13.3.0/../../../default-manifest.o] ==> [/usr/lib/default-manifest.o]
  collapse library dir [/usr/lib/gcc/x86_64-pc-msys/13.3.0] ==> [/usr/lib/gcc/x86_64-pc-msys/13.3.0]
  collapse library dir [/usr/lib/gcc/x86_64-pc-msys/13.3.0/../../../../x86_64-pc-msys/lib] ==> [/usr/x86_64-pc-msys/lib]
  collapse library dir [/usr/lib/gcc/x86_64-pc-msys/13.3.0/../../..] ==> [/usr/lib]
  implicit libs: [stdc++;gcc_s;gcc;msys-2.0;advapi32;shell32;user32;kernel32;gcc_s;gcc]
  implicit objs: [/usr/lib/crt0.o;/usr/lib/gcc/x86_64-pc-msys/13.3.0/crtbegin.o;/usr/lib/default-manifest.o;/usr/lib/gcc/x86_64-pc-msys/13.3.0/crtend.o]
  implicit dirs: [/usr/lib/gcc/x86_64-pc-msys/13.3.0;/usr/x86_64-pc-msys/lib;/usr/lib]
  implicit fwks: []


